\BOOKMARK [1][-]{section*.2}{\376\377\004\022\004\062\004\065\004\064\004\065\004\075\004\070\004\065}{}% 1
\BOOKMARK [1][-]{section.1}{\376\377\004\020\004\075\004\060\004\073\004\070\004\102\004\070\004\107\004\065\004\101\004\072\004\070\004\071\000\040\004\100\004\060\004\067\004\064\004\065\004\073}{}% 2
\BOOKMARK [2][-]{subsection.1.1}{\376\377\004\036\004\077\004\070\004\101\004\060\004\075\004\070\004\065\000\040\004\060\004\073\004\063\004\076\004\100\004\070\004\102\004\074\004\076\004\062}{section.1}% 3
\BOOKMARK [3][-]{subsubsection.1.1.1}{\376\377\004\020\004\073\004\063\004\076\004\100\004\070\004\102\004\074\000\040\004\032\004\075\004\103\004\102\004\060\000-\004\034\004\076\004\100\004\100\004\070\004\101\004\060\000-\004\037\004\100\004\060\004\102\004\102\004\060}{subsection.1.1}% 4
\BOOKMARK [3][-]{subsubsection.1.1.2}{\376\377\004\020\004\073\004\063\004\076\004\100\004\070\004\102\004\074\000\040\004\021\004\076\004\071\004\065\004\100\004\060\000-\004\034\004\103\004\100\004\060}{subsection.1.1}% 5
\BOOKMARK [2][-]{section*.5}{\376\377\004\022\004\113\004\062\004\076\004\064\004\113}{section.1}% 6
\BOOKMARK [1][-]{section.2}{\376\377\004\032\004\076\004\075\004\101\004\102\004\100\004\103\004\072\004\102\004\076\004\100\004\101\004\072\004\070\004\071\000\040\004\100\004\060\004\067\004\064\004\065\004\073}{}% 7
\BOOKMARK [2][-]{subsection.2.1}{\376\377\004\040\004\060\004\067\004\100\004\060\004\061\004\076\004\102\004\072\004\060\000\040\004\060\004\073\004\063\004\076\004\100\004\070\004\102\004\074\004\076\004\062}{section.2}% 8
\BOOKMARK [2][-]{subsection.2.2}{\376\377\004\041\004\100\004\060\004\062\004\075\004\070\004\102\004\065\004\073\004\114\004\075\004\113\004\071\000\040\004\060\004\075\004\060\004\073\004\070\004\067\000\040\004\060\004\073\004\063\004\076\004\100\004\070\004\102\004\074\004\076\004\062}{section.2}% 9
\BOOKMARK [3][-]{subsubsection.2.2.1}{\376\377\004\037\004\100\004\070\004\074\004\065\004\100\000\040\004\100\004\060\004\061\004\076\004\102\004\113\000\040\004\060\004\073\004\063\004\076\004\100\004\070\004\102\004\074\004\060\000\040\004\032\004\075\004\103\004\102\004\060\000-\004\034\004\076\004\100\004\100\004\070\004\101\004\060\000-\004\037\004\100\004\060\004\102\004\102\004\060}{subsection.2.2}% 10
\BOOKMARK [3][-]{subsubsection.2.2.2}{\376\377\004\037\004\100\004\070\004\074\004\065\004\100\000\040\004\100\004\060\004\061\004\076\004\102\004\113\000\040\004\060\004\073\004\063\004\076\004\100\004\070\004\102\004\074\004\060\000\040\004\021\004\076\004\071\004\065\004\100\004\060\000-\004\034\004\103\004\100\004\060}{subsection.2.2}% 11
\BOOKMARK [3][-]{subsubsection.2.2.3}{\376\377\004\036\004\106\004\065\004\075\004\072\004\060\000\040\004\062\004\100\004\065\004\074\004\065\004\075\004\070\000\040\004\100\004\060\004\061\004\076\004\102\004\113\000\040\004\060\004\073\004\063\004\076\004\100\004\070\004\102\004\074\004\060\000\040\004\032\004\075\004\103\004\102\004\060\000-\004\034\004\076\004\100\004\100\004\070\004\101\004\060\000-\004\037\004\100\004\060\004\102\004\102\004\060}{subsection.2.2}% 12
\BOOKMARK [3][-]{subsubsection.2.2.4}{\376\377\004\036\004\106\004\065\004\075\004\072\004\060\000\040\004\062\004\100\004\065\004\074\004\065\004\075\004\070\000\040\004\100\004\060\004\061\004\076\004\102\004\113\000\040\004\060\004\073\004\063\004\076\004\100\004\070\004\102\004\074\004\060\000\040\004\021\004\076\004\071\004\065\004\100\004\060\000-\004\034\004\103\004\100\004\060}{subsection.2.2}% 13
\BOOKMARK [2][-]{section*.13}{\376\377\004\022\004\113\004\062\004\076\004\064\004\113}{section.2}% 14
\BOOKMARK [1][-]{section.3}{\376\377\004\042\004\065\004\105\004\075\004\076\004\073\004\076\004\063\004\070\004\107\004\065\004\101\004\072\004\070\004\071\000\040\004\100\004\060\004\067\004\064\004\065\004\073}{}% 15
\BOOKMARK [2][-]{subsection.3.1}{\376\377\004\042\004\100\004\065\004\061\004\076\004\062\004\060\004\075\004\070\004\117\000\040\004\072\000\040\004\077\004\100\004\076\004\063\004\100\004\060\004\074\004\074\004\075\004\076\004\074\004\103\000\040\004\076\004\061\004\065\004\101\004\077\004\065\004\107\004\065\004\075\004\070\004\116}{section.3}% 16
\BOOKMARK [2][-]{subsection.3.2}{\376\377\004\041\004\100\004\065\004\064\004\101\004\102\004\062\004\060\000\040\004\100\004\065\004\060\004\073\004\070\004\067\004\060\004\106\004\070\004\070}{section.3}% 17
\BOOKMARK [2][-]{subsection.3.3}{\376\377\004\033\004\070\004\101\004\102\004\070\004\075\004\063\000\040\004\077\004\100\004\076\004\063\004\100\004\060\004\074\004\074\004\113}{section.3}% 18
\BOOKMARK [2][-]{subsection.3.4}{\376\377\004\042\004\065\004\101\004\102\004\076\004\062\004\113\004\065\000\040\004\064\004\060\004\075\004\075\004\113\004\065}{section.3}% 19
\BOOKMARK [2][-]{section*.16}{\376\377\004\022\004\113\004\062\004\076\004\064\004\113}{section.3}% 20
\BOOKMARK [1][-]{section.4}{\376\377\004\030\004\101\004\101\004\073\004\065\004\064\004\076\004\062\004\060\004\102\004\065\004\073\004\114\004\101\004\072\004\070\004\071\000\040\004\100\004\060\004\067\004\064\004\065\004\073}{}% 21
\BOOKMARK [2][-]{subsection.4.1}{\376\377\004\037\004\100\004\070\004\074\004\065\004\100\004\113\000\040\004\100\004\060\004\061\004\076\004\102\004\113}{section.4}% 22
\BOOKMARK [2][-]{subsection.4.2}{\376\377\004\037\004\076\004\101\004\102\004\060\004\075\004\076\004\062\004\072\004\060\000\040\004\115\004\072\004\101\004\077\004\065\004\100\004\070\004\074\004\065\004\075\004\102\004\060}{section.4}% 23
\BOOKMARK [2][-]{subsection.4.3}{\376\377\004\041\004\100\004\060\004\062\004\075\004\070\004\102\004\065\004\073\004\114\004\075\004\113\004\071\000\040\004\060\004\075\004\060\004\073\004\070\004\067\000\040\004\075\004\060\000\040\004\076\004\101\004\075\004\076\004\062\004\065\000\040\004\115\004\072\004\101\004\077\004\065\004\100\004\070\004\074\004\065\004\075\004\102\004\060}{section.4}% 24
\BOOKMARK [2][-]{section*.25}{\376\377\004\022\004\113\004\062\004\076\004\064\004\113}{section.4}% 25
\BOOKMARK [1][-]{section*.26}{\376\377\004\027\004\060\004\072\004\073\004\116\004\107\004\065\004\075\004\070\004\065}{}% 26
\BOOKMARK [1][-]{section*.26}{\376\377\004\041\004\077\004\070\004\101\004\076\004\072\000\040\004\073\004\070\004\102\004\065\004\100\004\060\004\102\004\103\004\100\004\113}{}% 27
