This is pdfTeX, Version 3.14159265-2.6-1.40.20 (MiKTeX 2.9.7200 64-bit) (preloaded format=pdflatex 2019.10.14)  31 OCT 2019 16:26
entering extended mode
**./research.tex
(research.tex
LaTeX2e <2019-10-01>
! Undefined control sequence.
l.1 \section
            {–ò—Å—Å–ª–µ–¥–æ–≤–∞—Ç–µ–ª—å—Å–∫–∏–π —Ä–∞–∑–¥–µ–ª}
The control sequence at the end of the top line
of your error message was never \def'ed. If you have
misspelled it (e.g., `\hobx'), type `I' and the correct
spelling (e.g., `I\hbox'). Otherwise just continue,
and I'll forget about whatever was undefined.


! Package inputenc Error: Unicode character –ò (U+0418)
(inputenc)                not set up for use with LaTeX.

See the inputenc package documentation for explanation.
Type  H <return>  for immediate help.
 ...                                              
                                                  
l.1 \section{–ò
               —Å—Å–ª–µ–¥–æ–≤–∞—Ç–µ–ª—å—Å–∫–∏–π —Ä–∞–∑–¥–µ–ª}
You may provide a definition with
\DeclareUnicodeCharacter 


! Package inputenc Error: Unicode character —Å (U+0441)
(inputenc)                not set up for use with LaTeX.

See the inputenc package documentation for explanation.
Type  H <return>  for immediate help.
 ...                                              
                                                  
l.1 \section{–ò—Å
                 —Å–ª–µ–¥–æ–≤–∞—Ç–µ–ª—å—Å–∫–∏–π —Ä–∞–∑–¥–µ–ª}
You may provide a definition with
\DeclareUnicodeCharacter 


! Package inputenc Error: Unicode character —Å (U+0441)
(inputenc)                not set up for use with LaTeX.

See the inputenc package documentation for explanation.
Type  H <return>  for immediate help.
 ...                                              
                                                  
l.1 \section{–ò—Å—Å
                   –ª–µ–¥–æ–≤–∞—Ç–µ–ª—å—Å–∫–∏–π —Ä–∞–∑–¥–µ–ª}
You may provide a definition with
\DeclareUnicodeCharacter 


! Package inputenc Error: Unicode character –ª (U+043B)
(inputenc)                not set up for use with LaTeX.

See the inputenc package documentation for explanation.
Type  H <return>  for immediate help.
 ...                                              
                                                  
l.1 \section{–ò—Å—Å–ª
                     –µ–¥–æ–≤–∞—Ç–µ–ª—å—Å–∫–∏–π —Ä–∞–∑–¥–µ–ª}
You may provide a definition with
\DeclareUnicodeCharacter 


! Package inputenc Error: Unicode character –µ (U+0435)
(inputenc)                not set up for use with LaTeX.

See the inputenc package documentation for explanation.
Type  H <return>  for immediate help.
 ...                                              
                                                  
l.1 \section{–ò—Å—Å–ª–µ
                       –¥–æ–≤–∞—Ç–µ–ª—å—Å–∫–∏–π —Ä–∞–∑–¥–µ–ª}
You may provide a definition with
\DeclareUnicodeCharacter 


! Package inputenc Error: Unicode character –¥ (U+0434)
(inputenc)                not set up for use with LaTeX.

See the inputenc package documentation for explanation.
Type  H <return>  for immediate help.
 ...                                              
                                                  
l.1 \section{–ò—Å—Å–ª–µ–¥
                         –æ–≤–∞—Ç–µ–ª—å—Å–∫–∏–π —Ä–∞–∑–¥–µ–ª}
You may provide a definition with
\DeclareUnicodeCharacter 


! Package inputenc Error: Unicode character –æ (U+043E)
(inputenc)                not set up for use with LaTeX.

See the inputenc package documentation for explanation.
Type  H <return>  for immediate help.
 ...                                              
                                                  
l.1 \section{–ò—Å—Å–ª–µ–¥–æ
                           –≤–∞—Ç–µ–ª—å—Å–∫–∏–π —Ä–∞–∑–¥–µ–ª}
You may provide a definition with
\DeclareUnicodeCharacter 


! Package inputenc Error: Unicode character –≤ (U+0432)
(inputenc)                not set up for use with LaTeX.

See the inputenc package documentation for explanation.
Type  H <return>  for immediate help.
 ...                                              
                                                  
l.1 \section{–ò—Å—Å–ª–µ–¥–æ–≤
                             –∞—Ç–µ–ª—å—Å–∫–∏–π —Ä–∞–∑–¥–µ–ª}
You may provide a definition with
\DeclareUnicodeCharacter 


! Package inputenc Error: Unicode character –∞ (U+0430)
(inputenc)                not set up for use with LaTeX.

See the inputenc package documentation for explanation.
Type  H <return>  for immediate help.
 ...                                              
                                                  
l.1 \section{–ò—Å—Å–ª–µ–¥–æ–≤–∞
                               —Ç–µ–ª—å—Å–∫–∏–π —Ä–∞–∑–¥–µ–ª}
You may provide a definition with
\DeclareUnicodeCharacter 


! Package inputenc Error: Unicode character —Ç (U+0442)
(inputenc)                not set up for use with LaTeX.

See the inputenc package documentation for explanation.
Type  H <return>  for immediate help.
 ...                                              
                                                  
l.1 \section{–ò—Å—Å–ª–µ–¥–æ–≤–∞—Ç
                                 –µ–ª—å—Å–∫–∏–π —Ä–∞–∑–¥–µ–ª}
You may provide a definition with
\DeclareUnicodeCharacter 


! Package inputenc Error: Unicode character –µ (U+0435)
(inputenc)                not set up for use with LaTeX.

See the inputenc package documentation for explanation.
Type  H <return>  for immediate help.
 ...                                              
                                                  
l.1 \section{–ò—Å—Å–ª–µ–¥–æ–≤–∞—Ç–µ
                                   –ª—å—Å–∫–∏–π —Ä–∞–∑–¥–µ–ª}
You may provide a definition with
\DeclareUnicodeCharacter 


! Package inputenc Error: Unicode character –ª (U+043B)
(inputenc)                not set up for use with LaTeX.

See the inputenc package documentation for explanation.
Type  H <return>  for immediate help.
 ...                                              
                                                  
l.1 \section{–ò—Å—Å–ª–µ–¥–æ–≤–∞—Ç–µ–ª
                                     —å—Å–∫–∏–π —Ä–∞–∑–¥–µ–ª}
You may provide a definition with
\DeclareUnicodeCharacter 


! Package inputenc Error: Unicode character —å (U+044C)
(inputenc)                not set up for use with LaTeX.

See the inputenc package documentation for explanation.
Type  H <return>  for immediate help.
 ...                                              
                                                  
l.1 \section{–ò—Å—Å–ª–µ–¥–æ–≤–∞—Ç–µ–ª—å
                                       —Å–∫–∏–π —Ä–∞–∑–¥–µ–ª}
You may provide a definition with
\DeclareUnicodeCharacter 


! Package inputenc Error: Unicode character —Å (U+0441)
(inputenc)                not set up for use with LaTeX.

See the inputenc package documentation for explanation.
Type  H <return>  for immediate help.
 ...                                              
                                                  
l.1 \section{–ò—Å—Å–ª–µ–¥–æ–≤–∞—Ç–µ–ª—å—Å
                                         –∫–∏–π —Ä–∞–∑–¥–µ–ª}
You may provide a definition with
\DeclareUnicodeCharacter 


! Package inputenc Error: Unicode character –∫ (U+043A)
(inputenc)                not set up for use with LaTeX.

See the inputenc package documentation for explanation.
Type  H <return>  for immediate help.
 ...                                              
                                                  
l.1 \section{–ò—Å—Å–ª–µ–¥–æ–≤–∞—Ç–µ–ª—å—Å–∫
                                           –∏–π —Ä–∞–∑–¥–µ–ª}
You may provide a definition with
\DeclareUnicodeCharacter 


! Package inputenc Error: Unicode character –∏ (U+0438)
(inputenc)                not set up for use with LaTeX.

See the inputenc package documentation for explanation.
Type  H <return>  for immediate help.
 ...                                              
                                                  
l.1 \section{–ò—Å—Å–ª–µ–¥–æ–≤–∞—Ç–µ–ª—å—Å–∫–∏
                                             –π —Ä–∞–∑–¥–µ–ª}
You may provide a definition with
\DeclareUnicodeCharacter 


! Package inputenc Error: Unicode character –π (U+0439)
(inputenc)                not set up for use with LaTeX.

See the inputenc package documentation for explanation.
Type  H <return>  for immediate help.
 ...                                              
                                                  
l.1 \section{–ò—Å—Å–ª–µ–¥–æ–≤–∞—Ç–µ–ª—å—Å–∫–∏–π
                                                —Ä–∞–∑–¥–µ–ª}
You may provide a definition with
\DeclareUnicodeCharacter 


! Package inputenc Error: Unicode character —Ä (U+0440)
(inputenc)                not set up for use with LaTeX.

See the inputenc package documentation for explanation.
Type  H <return>  for immediate help.
 ...                                              
                                                  
l.1 \section{–ò—Å—Å–ª–µ–¥–æ–≤–∞—Ç–µ–ª—å—Å–∫–∏–π —Ä
                                                  –∞–∑–¥–µ–ª}
You may provide a definition with
\DeclareUnicodeCharacter 


! Package inputenc Error: Unicode character –∞ (U+0430)
(inputenc)                not set up for use with LaTeX.

See the inputenc package documentation for explanation.
Type  H <return>  for immediate help.
 ...                                              
                                                  
l.1 ...ion{–ò—Å—Å–ª–µ–¥–æ–≤–∞—Ç–µ–ª—å—Å–∫–∏–π —Ä–∞
                                                  –∑–¥–µ–ª}
You may provide a definition with
\DeclareUnicodeCharacter 


! Package inputenc Error: Unicode character –∑ (U+0437)
(inputenc)                not set up for use with LaTeX.

See the inputenc package documentation for explanation.
Type  H <return>  for immediate help.
 ...                                              
                                                  
l.1 ...n{–ò—Å—Å–ª–µ–¥–æ–≤–∞—Ç–µ–ª—å—Å–∫–∏–π —Ä–∞–∑
                                                  –¥–µ–ª}
You may provide a definition with
\DeclareUnicodeCharacter 


! Package inputenc Error: Unicode character –¥ (U+0434)
(inputenc)                not set up for use with LaTeX.

See the inputenc package documentation for explanation.
Type  H <return>  for immediate help.
 ...                                              
                                                  
l.1 ...–ò—Å—Å–ª–µ–¥–æ–≤–∞—Ç–µ–ª—å—Å–∫–∏–π —Ä–∞–∑–¥
                                                  –µ–ª}
You may provide a definition with
\DeclareUnicodeCharacter 


! Package inputenc Error: Unicode character –µ (U+0435)
(inputenc)                not set up for use with LaTeX.

See the inputenc package documentation for explanation.
Type  H <return>  for immediate help.
 ...                                              
                                                  
l.1 ...—Å—Å–ª–µ–¥–æ–≤–∞—Ç–µ–ª—å—Å–∫–∏–π —Ä–∞–∑–¥–µ
                                                  –ª}
You may provide a definition with
\DeclareUnicodeCharacter 


! Package inputenc Error: Unicode character –ª (U+043B)
(inputenc)                not set up for use with LaTeX.

See the inputenc package documentation for explanation.
Type  H <return>  for immediate help.
 ...                                              
                                                  
l.1 ...—Å–ª–µ–¥–æ–≤–∞—Ç–µ–ª—å—Å–∫–∏–π —Ä–∞–∑–¥–µ–ª
                                                  }
You may provide a definition with
\DeclareUnicodeCharacter 


! Package inputenc Error: Unicode character –í (U+0412)
(inputenc)                not set up for use with LaTeX.

See the inputenc package documentation for explanation.
Type  H <return>  for immediate help.
 ...                                              
                                                  
l.3 –í
       —Ä–∞–∑–¥–µ–ª–µ –ø—Ä–µ–¥—Å—Ç–∞–≤–ª–µ–Ω—ã –ø—Ä–∏–º–µ—Ä—ã –≤—ã–ø–æ–ª–Ω–µ...

You may provide a definition with
\DeclareUnicodeCharacter 


! Package inputenc Error: Unicode character —Ä (U+0440)
(inputenc)                not set up for use with LaTeX.

See the inputenc package documentation for explanation.
Type  H <return>  for immediate help.
 ...                                              
                                                  
l.3 –í —Ä
         –∞–∑–¥–µ–ª–µ –ø—Ä–µ–¥—Å—Ç–∞–≤–ª–µ–Ω—ã –ø—Ä–∏–º–µ—Ä—ã –≤—ã–ø–æ–ª–Ω–µ...

You may provide a definition with
\DeclareUnicodeCharacter 


! Package inputenc Error: Unicode character –∞ (U+0430)
(inputenc)                not set up for use with LaTeX.

See the inputenc package documentation for explanation.
Type  H <return>  for immediate help.
 ...                                              
                                                  
l.3 –í —Ä–∞
           –∑–¥–µ–ª–µ –ø—Ä–µ–¥—Å—Ç–∞–≤–ª–µ–Ω—ã –ø—Ä–∏–º–µ—Ä—ã –≤—ã–ø–æ–ª–Ω–µ...

You may provide a definition with
\DeclareUnicodeCharacter 


! Package inputenc Error: Unicode character –∑ (U+0437)
(inputenc)                not set up for use with LaTeX.

See the inputenc package documentation for explanation.
Type  H <return>  for immediate help.
 ...                                              
                                                  
l.3 –í —Ä–∞–∑
             –¥–µ–ª–µ –ø—Ä–µ–¥—Å—Ç–∞–≤–ª–µ–Ω—ã –ø—Ä–∏–º–µ—Ä—ã –≤—ã–ø–æ–ª–Ω–µ...

You may provide a definition with
\DeclareUnicodeCharacter 


! Package inputenc Error: Unicode character –¥ (U+0434)
(inputenc)                not set up for use with LaTeX.

See the inputenc package documentation for explanation.
Type  H <return>  for immediate help.
 ...                                              
                                                  
l.3 –í —Ä–∞–∑–¥
               –µ–ª–µ –ø—Ä–µ–¥—Å—Ç–∞–≤–ª–µ–Ω—ã –ø—Ä–∏–º–µ—Ä—ã –≤—ã–ø–æ–ª–Ω–µ...

You may provide a definition with
\DeclareUnicodeCharacter 


! Package inputenc Error: Unicode character –µ (U+0435)
(inputenc)                not set up for use with LaTeX.

See the inputenc package documentation for explanation.
Type  H <return>  for immediate help.
 ...                                              
                                                  
l.3 –í —Ä–∞–∑–¥–µ
                 –ª–µ –ø—Ä–µ–¥—Å—Ç–∞–≤–ª–µ–Ω—ã –ø—Ä–∏–º–µ—Ä—ã –≤—ã–ø–æ–ª–Ω–µ...

You may provide a definition with
\DeclareUnicodeCharacter 


! Package inputenc Error: Unicode character –ª (U+043B)
(inputenc)                not set up for use with LaTeX.

See the inputenc package documentation for explanation.
Type  H <return>  for immediate help.
 ...                                              
                                                  
l.3 –í —Ä–∞–∑–¥–µ–ª
                   –µ –ø—Ä–µ–¥—Å—Ç–∞–≤–ª–µ–Ω—ã –ø—Ä–∏–º–µ—Ä—ã –≤—ã–ø–æ–ª–Ω–µ...

You may provide a definition with
\DeclareUnicodeCharacter 


! Package inputenc Error: Unicode character –µ (U+0435)
(inputenc)                not set up for use with LaTeX.

See the inputenc package documentation for explanation.
Type  H <return>  for immediate help.
 ...                                              
                                                  
l.3 –í —Ä–∞–∑–¥–µ–ª–µ
                      –ø—Ä–µ–¥—Å—Ç–∞–≤–ª–µ–Ω—ã –ø—Ä–∏–º–µ—Ä—ã –≤—ã–ø–æ–ª–Ω–µ...

You may provide a definition with
\DeclareUnicodeCharacter 


! Package inputenc Error: Unicode character –ø (U+043F)
(inputenc)                not set up for use with LaTeX.

See the inputenc package documentation for explanation.
Type  H <return>  for immediate help.
 ...                                              
                                                  
l.3 –í —Ä–∞–∑–¥–µ–ª–µ –ø
                        —Ä–µ–¥—Å—Ç–∞–≤–ª–µ–Ω—ã –ø—Ä–∏–º–µ—Ä—ã –≤—ã–ø–æ–ª–Ω–µ...

You may provide a definition with
\DeclareUnicodeCharacter 


! Package inputenc Error: Unicode character —Ä (U+0440)
(inputenc)                not set up for use with LaTeX.

See the inputenc package documentation for explanation.
Type  H <return>  for immediate help.
 ...                                              
                                                  
l.3 –í —Ä–∞–∑–¥–µ–ª–µ –ø—Ä
                          –µ–¥—Å—Ç–∞–≤–ª–µ–Ω—ã –ø—Ä–∏–º–µ—Ä—ã –≤—ã–ø–æ–ª–Ω–µ...

You may provide a definition with
\DeclareUnicodeCharacter 


! Package inputenc Error: Unicode character –µ (U+0435)
(inputenc)                not set up for use with LaTeX.

See the inputenc package documentation for explanation.
Type  H <return>  for immediate help.
 ...                                              
                                                  
l.3 –í —Ä–∞–∑–¥–µ–ª–µ –ø—Ä–µ
                            –¥—Å—Ç–∞–≤–ª–µ–Ω—ã –ø—Ä–∏–º–µ—Ä—ã –≤—ã–ø–æ–ª–Ω–µ...

You may provide a definition with
\DeclareUnicodeCharacter 


! Package inputenc Error: Unicode character –¥ (U+0434)
(inputenc)                not set up for use with LaTeX.

See the inputenc package documentation for explanation.
Type  H <return>  for immediate help.
 ...                                              
                                                  
l.3 –í —Ä–∞–∑–¥–µ–ª–µ –ø—Ä–µ–¥
                              —Å—Ç–∞–≤–ª–µ–Ω—ã –ø—Ä–∏–º–µ—Ä—ã –≤—ã–ø–æ–ª–Ω–µ...

You may provide a definition with
\DeclareUnicodeCharacter 


! Package inputenc Error: Unicode character —Å (U+0441)
(inputenc)                not set up for use with LaTeX.

See the inputenc package documentation for explanation.
Type  H <return>  for immediate help.
 ...                                              
                                                  
l.3 –í —Ä–∞–∑–¥–µ–ª–µ –ø—Ä–µ–¥—Å
                                —Ç–∞–≤–ª–µ–Ω—ã –ø—Ä–∏–º–µ—Ä—ã –≤—ã–ø–æ–ª–Ω–µ...

You may provide a definition with
\DeclareUnicodeCharacter 


! Package inputenc Error: Unicode character —Ç (U+0442)
(inputenc)                not set up for use with LaTeX.

See the inputenc package documentation for explanation.
Type  H <return>  for immediate help.
 ...                                              
                                                  
l.3 –í —Ä–∞–∑–¥–µ–ª–µ –ø—Ä–µ–¥—Å—Ç
                                  –∞–≤–ª–µ–Ω—ã –ø—Ä–∏–º–µ—Ä—ã –≤—ã–ø–æ–ª–Ω–µ...

You may provide a definition with
\DeclareUnicodeCharacter 


! Package inputenc Error: Unicode character –∞ (U+0430)
(inputenc)                not set up for use with LaTeX.

See the inputenc package documentation for explanation.
Type  H <return>  for immediate help.
 ...                                              
                                                  
l.3 –í —Ä–∞–∑–¥–µ–ª–µ –ø—Ä–µ–¥—Å—Ç–∞
                                    –≤–ª–µ–Ω—ã –ø—Ä–∏–º–µ—Ä—ã –≤—ã–ø–æ–ª–Ω–µ...

You may provide a definition with
\DeclareUnicodeCharacter 


! Package inputenc Error: Unicode character –≤ (U+0432)
(inputenc)                not set up for use with LaTeX.

See the inputenc package documentation for explanation.
Type  H <return>  for immediate help.
 ...                                              
                                                  
l.3 –í —Ä–∞–∑–¥–µ–ª–µ –ø—Ä–µ–¥—Å—Ç–∞–≤
                                      –ª–µ–Ω—ã –ø—Ä–∏–º–µ—Ä—ã –≤—ã–ø–æ–ª–Ω–µ...

You may provide a definition with
\DeclareUnicodeCharacter 


! Package inputenc Error: Unicode character –ª (U+043B)
(inputenc)                not set up for use with LaTeX.

See the inputenc package documentation for explanation.
Type  H <return>  for immediate help.
 ...                                              
                                                  
l.3 –í —Ä–∞–∑–¥–µ–ª–µ –ø—Ä–µ–¥—Å—Ç–∞–≤–ª
                                        –µ–Ω—ã –ø—Ä–∏–º–µ—Ä—ã –≤—ã–ø–æ–ª–Ω–µ...

You may provide a definition with
\DeclareUnicodeCharacter 


! Package inputenc Error: Unicode character –µ (U+0435)
(inputenc)                not set up for use with LaTeX.

See the inputenc package documentation for explanation.
Type  H <return>  for immediate help.
 ...                                              
                                                  
l.3 –í —Ä–∞–∑–¥–µ–ª–µ –ø—Ä–µ–¥—Å—Ç–∞–≤–ª–µ
                                          –Ω—ã –ø—Ä–∏–º–µ—Ä—ã –≤—ã–ø–æ–ª–Ω–µ...

You may provide a definition with
\DeclareUnicodeCharacter 


! Package inputenc Error: Unicode character –Ω (U+043D)
(inputenc)                not set up for use with LaTeX.

See the inputenc package documentation for explanation.
Type  H <return>  for immediate help.
 ...                                              
                                                  
l.3 –í —Ä–∞–∑–¥–µ–ª–µ –ø—Ä–µ–¥—Å—Ç–∞–≤–ª–µ–Ω
                                            —ã –ø—Ä–∏–º–µ—Ä—ã –≤—ã–ø–æ–ª–Ω–µ...

You may provide a definition with
\DeclareUnicodeCharacter 


! Package inputenc Error: Unicode character —ã (U+044B)
(inputenc)                not set up for use with LaTeX.

See the inputenc package documentation for explanation.
Type  H <return>  for immediate help.
 ...                                              
                                                  
l.3 –í —Ä–∞–∑–¥–µ–ª–µ –ø—Ä–µ–¥—Å—Ç–∞–≤–ª–µ–Ω—ã
                                               –ø—Ä–∏–º–µ—Ä—ã –≤—ã–ø–æ–ª–Ω–µ...

You may provide a definition with
\DeclareUnicodeCharacter 


! Package inputenc Error: Unicode character –ø (U+043F)
(inputenc)                not set up for use with LaTeX.

See the inputenc package documentation for explanation.
Type  H <return>  for immediate help.
 ...                                              
                                                  
l.3 –í —Ä–∞–∑–¥–µ–ª–µ –ø—Ä–µ–¥—Å—Ç–∞–≤–ª–µ–Ω—ã –ø
                                                 —Ä–∏–º–µ—Ä—ã –≤—ã–ø–æ–ª–Ω–µ...

You may provide a definition with
\DeclareUnicodeCharacter 


! Package inputenc Error: Unicode character —Ä (U+0440)
(inputenc)                not set up for use with LaTeX.

See the inputenc package documentation for explanation.
Type  H <return>  for immediate help.
 ...                                              
                                                  
l.3 ...Ä–∞–∑–¥–µ–ª–µ –ø—Ä–µ–¥—Å—Ç–∞–≤–ª–µ–Ω—ã –ø—Ä
                                                  –∏–º–µ—Ä—ã –≤—ã–ø–æ–ª–Ω–µ–...

You may provide a definition with
\DeclareUnicodeCharacter 


! Package inputenc Error: Unicode character –∏ (U+0438)
(inputenc)                not set up for use with LaTeX.

See the inputenc package documentation for explanation.
Type  H <return>  for immediate help.
 ...                                              
                                                  
l.3 ...∞–∑–¥–µ–ª–µ –ø—Ä–µ–¥—Å—Ç–∞–≤–ª–µ–Ω—ã –ø—Ä–∏
                                                  –º–µ—Ä—ã –≤—ã–ø–æ–ª–Ω–µ–Ω–...

You may provide a definition with
\DeclareUnicodeCharacter 


! Package inputenc Error: Unicode character –º (U+043C)
(inputenc)                not set up for use with LaTeX.

See the inputenc package documentation for explanation.
Type  H <return>  for immediate help.
 ...                                              
                                                  
l.3 ...∑–¥–µ–ª–µ –ø—Ä–µ–¥—Å—Ç–∞–≤–ª–µ–Ω—ã –ø—Ä–∏–º
                                                  –µ—Ä—ã –≤—ã–ø–æ–ª–Ω–µ–Ω–∏—...

You may provide a definition with
\DeclareUnicodeCharacter 


! Package inputenc Error: Unicode character –µ (U+0435)
(inputenc)                not set up for use with LaTeX.

See the inputenc package documentation for explanation.
Type  H <return>  for immediate help.
 ...                                              
                                                  
l.3 ...¥–µ–ª–µ –ø—Ä–µ–¥—Å—Ç–∞–≤–ª–µ–Ω—ã –ø—Ä–∏–º–µ
                                                  —Ä—ã –≤—ã–ø–æ–ª–Ω–µ–Ω–∏—è ...

You may provide a definition with
\DeclareUnicodeCharacter 


! Package inputenc Error: Unicode character —Ä (U+0440)
(inputenc)                not set up for use with LaTeX.

See the inputenc package documentation for explanation.
Type  H <return>  for immediate help.
 ...                                              
                                                  
l.3 ...µ–ª–µ –ø—Ä–µ–¥—Å—Ç–∞–≤–ª–µ–Ω—ã –ø—Ä–∏–º–µ—Ä
                                                  —ã –≤—ã–ø–æ–ª–Ω–µ–Ω–∏—è –ø...

You may provide a definition with
\DeclareUnicodeCharacter 


! Package inputenc Error: Unicode character —ã (U+044B)
(inputenc)                not set up for use with LaTeX.

See the inputenc package documentation for explanation.
Type  H <return>  for immediate help.
 ...                                              
                                                  
l.3 ...ª–µ –ø—Ä–µ–¥—Å—Ç–∞–≤–ª–µ–Ω—ã –ø—Ä–∏–º–µ—Ä—ã
                                                   –≤—ã–ø–æ–ª–Ω–µ–Ω–∏—è –ø—Ä...

You may provide a definition with
\DeclareUnicodeCharacter 


! Package inputenc Error: Unicode character –≤ (U+0432)
(inputenc)                not set up for use with LaTeX.

See the inputenc package documentation for explanation.
Type  H <return>  for immediate help.
 ...                                              
                                                  
l.3 ... –ø—Ä–µ–¥—Å—Ç–∞–≤–ª–µ–Ω—ã –ø—Ä–∏–º–µ—Ä—ã –≤
                                                  —ã–ø–æ–ª–Ω–µ–Ω–∏—è –ø—Ä–æ–...

You may provide a definition with
\DeclareUnicodeCharacter 


! Package inputenc Error: Unicode character —ã (U+044B)
(inputenc)                not set up for use with LaTeX.

See the inputenc package documentation for explanation.
Type  H <return>  for immediate help.
 ...                                              
                                                  
l.3 ...ø—Ä–µ–¥—Å—Ç–∞–≤–ª–µ–Ω—ã –ø—Ä–∏–º–µ—Ä—ã –≤—ã
                                                  –ø–æ–ª–Ω–µ–Ω–∏—è –ø—Ä–æ–≥—...

You may provide a definition with
\DeclareUnicodeCharacter 


! Package inputenc Error: Unicode character –ø (U+043F)
(inputenc)                not set up for use with LaTeX.

See the inputenc package documentation for explanation.
Type  H <return>  for immediate help.
 ...                                              
                                                  
l.3 ...Ä–µ–¥—Å—Ç–∞–≤–ª–µ–Ω—ã –ø—Ä–∏–º–µ—Ä—ã –≤—ã–ø
                                                  –æ–ª–Ω–µ–Ω–∏—è –ø—Ä–æ–≥—Ä–...

You may provide a definition with
\DeclareUnicodeCharacter 


! Package inputenc Error: Unicode character –æ (U+043E)
(inputenc)                not set up for use with LaTeX.

See the inputenc package documentation for explanation.
Type  H <return>  for immediate help.
 ...                                              
                                                  
l.3 ...µ–¥—Å—Ç–∞–≤–ª–µ–Ω—ã –ø—Ä–∏–º–µ—Ä—ã –≤—ã–ø–æ
                                                  –ª–Ω–µ–Ω–∏—è –ø—Ä–æ–≥—Ä–∞–...

You may provide a definition with
\DeclareUnicodeCharacter 


! Package inputenc Error: Unicode character –ª (U+043B)
(inputenc)                not set up for use with LaTeX.

See the inputenc package documentation for explanation.
Type  H <return>  for immediate help.
 ...                                              
                                                  
l.3 ...¥—Å—Ç–∞–≤–ª–µ–Ω—ã –ø—Ä–∏–º–µ—Ä—ã –≤—ã–ø–æ–ª
                                                  –Ω–µ–Ω–∏—è –ø—Ä–æ–≥—Ä–∞–º–...

You may provide a definition with
\DeclareUnicodeCharacter 


! Package inputenc Error: Unicode character –Ω (U+043D)
(inputenc)                not set up for use with LaTeX.

See the inputenc package documentation for explanation.
Type  H <return>  for immediate help.
 ...                                              
                                                  
l.3 ...Å—Ç–∞–≤–ª–µ–Ω—ã –ø—Ä–∏–º–µ—Ä—ã –≤—ã–ø–æ–ª–Ω
                                                  –µ–Ω–∏—è –ø—Ä–æ–≥—Ä–∞–º–º—ã,
You may provide a definition with
\DeclareUnicodeCharacter 


! Package inputenc Error: Unicode character –µ (U+0435)
(inputenc)                not set up for use with LaTeX.

See the inputenc package documentation for explanation.
Type  H <return>  for immediate help.
 ...                                              
                                                  
l.3 ...Ç–∞–≤–ª–µ–Ω—ã –ø—Ä–∏–º–µ—Ä—ã –≤—ã–ø–æ–ª–Ω–µ
                                                  –Ω–∏—è –ø—Ä–æ–≥—Ä–∞–º–º—ã,
You may provide a definition with
\DeclareUnicodeCharacter 


! Package inputenc Error: Unicode character –Ω (U+043D)
(inputenc)                not set up for use with LaTeX.

See the inputenc package documentation for explanation.
Type  H <return>  for immediate help.
 ...                                              
                                                  
l.3 ...∞–≤–ª–µ–Ω—ã –ø—Ä–∏–º–µ—Ä—ã –≤—ã–ø–æ–ª–Ω–µ–Ω
                                                  –∏—è –ø—Ä–æ–≥—Ä–∞–º–º—ã,
You may provide a definition with
\DeclareUnicodeCharacter 


! Package inputenc Error: Unicode character –∏ (U+0438)
(inputenc)                not set up for use with LaTeX.

See the inputenc package documentation for explanation.
Type  H <return>  for immediate help.
 ...                                              
                                                  
l.3 ...≤–ª–µ–Ω—ã –ø—Ä–∏–º–µ—Ä—ã –≤—ã–ø–æ–ª–Ω–µ–Ω–∏
                                                  —è –ø—Ä–æ–≥—Ä–∞–º–º—ã,
You may provide a definition with
\DeclareUnicodeCharacter 


! Package inputenc Error: Unicode character —è (U+044F)
(inputenc)                not set up for use with LaTeX.

See the inputenc package documentation for explanation.
Type  H <return>  for immediate help.
 ...                                              
                                                  
l.3 ...ª–µ–Ω—ã –ø—Ä–∏–º–µ—Ä—ã –≤—ã–ø–æ–ª–Ω–µ–Ω–∏—è
                                                   –ø—Ä–æ–≥—Ä–∞–º–º—ã,
You may provide a definition with
\DeclareUnicodeCharacter 


! Package inputenc Error: Unicode character –ø (U+043F)
(inputenc)                not set up for use with LaTeX.

See the inputenc package documentation for explanation.
Type  H <return>  for immediate help.
 ...                                              
                                                  
l.3 ...–Ω—ã –ø—Ä–∏–º–µ—Ä—ã –≤—ã–ø–æ–ª–Ω–µ–Ω–∏—è –ø
                                                  —Ä–æ–≥—Ä–∞–º–º—ã,
You may provide a definition with
\DeclareUnicodeCharacter 


! Package inputenc Error: Unicode character —Ä (U+0440)
(inputenc)                not set up for use with LaTeX.

See the inputenc package documentation for explanation.
Type  H <return>  for immediate help.
 ...                                              
                                                  
l.3 ...—ã –ø—Ä–∏–º–µ—Ä—ã –≤—ã–ø–æ–ª–Ω–µ–Ω–∏—è –ø—Ä
                                                  –æ–≥—Ä–∞–º–º—ã,
You may provide a definition with
\DeclareUnicodeCharacter 


! Package inputenc Error: Unicode character –æ (U+043E)
(inputenc)                not set up for use with LaTeX.

See the inputenc package documentation for explanation.
Type  H <return>  for immediate help.
 ...                                              
                                                  
l.3 ... –ø—Ä–∏–º–µ—Ä—ã –≤—ã–ø–æ–ª–Ω–µ–Ω–∏—è –ø—Ä–æ
                                                  –≥—Ä–∞–º–º—ã,
You may provide a definition with
\DeclareUnicodeCharacter 


! Package inputenc Error: Unicode character –≥ (U+0433)
(inputenc)                not set up for use with LaTeX.

See the inputenc package documentation for explanation.
Type  H <return>  for immediate help.
 ...                                              
                                                  
l.3 ...ø—Ä–∏–º–µ—Ä—ã –≤—ã–ø–æ–ª–Ω–µ–Ω–∏—è –ø—Ä–æ–≥
                                                  —Ä–∞–º–º—ã,
You may provide a definition with
\DeclareUnicodeCharacter 


! Package inputenc Error: Unicode character —Ä (U+0440)
(inputenc)                not set up for use with LaTeX.

See the inputenc package documentation for explanation.
Type  H <return>  for immediate help.
 ...                                              
                                                  
l.3 ...Ä–∏–º–µ—Ä—ã –≤—ã–ø–æ–ª–Ω–µ–Ω–∏—è –ø—Ä–æ–≥—Ä
                                                  –∞–º–º—ã,
You may provide a definition with
\DeclareUnicodeCharacter 


! Package inputenc Error: Unicode character –∞ (U+0430)
(inputenc)                not set up for use with LaTeX.

See the inputenc package documentation for explanation.
Type  H <return>  for immediate help.
 ...                                              
                                                  
l.3 ...∏–º–µ—Ä—ã –≤—ã–ø–æ–ª–Ω–µ–Ω–∏—è –ø—Ä–æ–≥—Ä–∞
                                                  –º–º—ã,
You may provide a definition with
\DeclareUnicodeCharacter 


! Package inputenc Error: Unicode character –º (U+043C)
(inputenc)                not set up for use with LaTeX.

See the inputenc package documentation for explanation.
Type  H <return>  for immediate help.
 ...                                              
                                                  
l.3 ...º–µ—Ä—ã –≤—ã–ø–æ–ª–Ω–µ–Ω–∏—è –ø—Ä–æ–≥—Ä–∞–º
                                                  –º—ã,
You may provide a definition with
\DeclareUnicodeCharacter 


! Package inputenc Error: Unicode character –º (U+043C)
(inputenc)                not set up for use with LaTeX.

See the inputenc package documentation for explanation.
Type  H <return>  for immediate help.
 ...                                              
                                                  
l.3 ...µ—Ä—ã –≤—ã–ø–æ–ª–Ω–µ–Ω–∏—è –ø—Ä–æ–≥—Ä–∞–º–º
                                                  —ã,
You may provide a definition with
\DeclareUnicodeCharacter 


! Package inputenc Error: Unicode character —ã (U+044B)
(inputenc)                not set up for use with LaTeX.

See the inputenc package documentation for explanation.
Type  H <return>  for immediate help.
 ...                                              
                                                  
l.3 ...Ä—ã –≤—ã–ø–æ–ª–Ω–µ–Ω–∏—è –ø—Ä–æ–≥—Ä–∞–º–º—ã
                                                  ,
You may provide a definition with
\DeclareUnicodeCharacter 


! LaTeX Error: Missing \begin{document}.

See the LaTeX manual or LaTeX Companion for explanation.
Type  H <return>  for immediate help.
 ...                                              
                                                  
l.3 ...—ã –≤—ã–ø–æ–ª–Ω–µ–Ω–∏—è –ø—Ä–æ–≥—Ä–∞–º–º—ã,
                                                  
You're in trouble here.  Try typing  <return>  to proceed.
If that doesn't work, type  X <return>  to quit.

Missing character: There is no , in font nullfont!

! Package inputenc Error: Unicode character –∞ (U+0430)
(inputenc)                not set up for use with LaTeX.

See the inputenc package documentation for explanation.
Type  H <return>  for immediate help.
 ...                                              
                                                  
l.4 –∞
       —Ç–∞–∫–∂–µ —Ä–µ–∑—É–ª—å—Ç–∞—Ç—ã –∏—Å—Å–ª–µ–¥–æ–≤–∞–Ω–∏—è —ç—Ñ—Ñ–µ–∫—Ç...

You may provide a definition with
\DeclareUnicodeCharacter 


! Package inputenc Error: Unicode character —Ç (U+0442)
(inputenc)                not set up for use with LaTeX.

See the inputenc package documentation for explanation.
Type  H <return>  for immediate help.
 ...                                              
                                                  
l.4 –∞ —Ç
         –∞–∫–∂–µ —Ä–µ–∑—É–ª—å—Ç–∞—Ç—ã –∏—Å—Å–ª–µ–¥–æ–≤–∞–Ω–∏—è —ç—Ñ—Ñ–µ–∫—Ç...

You may provide a definition with
\DeclareUnicodeCharacter 


! Package inputenc Error: Unicode character –∞ (U+0430)
(inputenc)                not set up for use with LaTeX.

See the inputenc package documentation for explanation.
Type  H <return>  for immediate help.
 ...                                              
                                                  
l.4 –∞ —Ç–∞
           –∫–∂–µ —Ä–µ–∑—É–ª—å—Ç–∞—Ç—ã –∏—Å—Å–ª–µ–¥–æ–≤–∞–Ω–∏—è —ç—Ñ—Ñ–µ–∫—Ç...

You may provide a definition with
\DeclareUnicodeCharacter 


! Package inputenc Error: Unicode character –∫ (U+043A)
(inputenc)                not set up for use with LaTeX.

See the inputenc package documentation for explanation.
Type  H <return>  for immediate help.
 ...                                              
                                                  
l.4 –∞ —Ç–∞–∫
             –∂–µ —Ä–µ–∑—É–ª—å—Ç–∞—Ç—ã –∏—Å—Å–ª–µ–¥–æ–≤–∞–Ω–∏—è —ç—Ñ—Ñ–µ–∫—Ç...

You may provide a definition with
\DeclareUnicodeCharacter 


! Package inputenc Error: Unicode character –∂ (U+0436)
(inputenc)                not set up for use with LaTeX.

See the inputenc package documentation for explanation.
Type  H <return>  for immediate help.
 ...                                              
                                                  
l.4 –∞ —Ç–∞–∫–∂
               –µ —Ä–µ–∑—É–ª—å—Ç–∞—Ç—ã –∏—Å—Å–ª–µ–¥–æ–≤–∞–Ω–∏—è —ç—Ñ—Ñ–µ–∫—Ç...

You may provide a definition with
\DeclareUnicodeCharacter 


! Package inputenc Error: Unicode character –µ (U+0435)
(inputenc)                not set up for use with LaTeX.

See the inputenc package documentation for explanation.
Type  H <return>  for immediate help.
 ...                                              
                                                  
l.4 –∞ —Ç–∞–∫–∂–µ
                  —Ä–µ–∑—É–ª—å—Ç–∞—Ç—ã –∏—Å—Å–ª–µ–¥–æ–≤–∞–Ω–∏—è —ç—Ñ—Ñ–µ–∫—Ç...

You may provide a definition with
\DeclareUnicodeCharacter 


! Package inputenc Error: Unicode character —Ä (U+0440)
(inputenc)                not set up for use with LaTeX.

See the inputenc package documentation for explanation.
Type  H <return>  for immediate help.
 ...                                              
                                                  
l.4 –∞ —Ç–∞–∫–∂–µ —Ä
                    –µ–∑—É–ª—å—Ç–∞—Ç—ã –∏—Å—Å–ª–µ–¥–æ–≤–∞–Ω–∏—è —ç—Ñ—Ñ–µ–∫—Ç...

You may provide a definition with
\DeclareUnicodeCharacter 


! Package inputenc Error: Unicode character –µ (U+0435)
(inputenc)                not set up for use with LaTeX.

See the inputenc package documentation for explanation.
Type  H <return>  for immediate help.
 ...                                              
                                                  
l.4 –∞ —Ç–∞–∫–∂–µ —Ä–µ
                      –∑—É–ª—å—Ç–∞—Ç—ã –∏—Å—Å–ª–µ–¥–æ–≤–∞–Ω–∏—è —ç—Ñ—Ñ–µ–∫—Ç...

You may provide a definition with
\DeclareUnicodeCharacter 


! Package inputenc Error: Unicode character –∑ (U+0437)
(inputenc)                not set up for use with LaTeX.

See the inputenc package documentation for explanation.
Type  H <return>  for immediate help.
 ...                                              
                                                  
l.4 –∞ —Ç–∞–∫–∂–µ —Ä–µ–∑
                        —É–ª—å—Ç–∞—Ç—ã –∏—Å—Å–ª–µ–¥–æ–≤–∞–Ω–∏—è —ç—Ñ—Ñ–µ–∫—Ç...

You may provide a definition with
\DeclareUnicodeCharacter 


! Package inputenc Error: Unicode character —É (U+0443)
(inputenc)                not set up for use with LaTeX.

See the inputenc package documentation for explanation.
Type  H <return>  for immediate help.
 ...                                              
                                                  
l.4 –∞ —Ç–∞–∫–∂–µ —Ä–µ–∑—É
                          –ª—å—Ç–∞—Ç—ã –∏—Å—Å–ª–µ–¥–æ–≤–∞–Ω–∏—è —ç—Ñ—Ñ–µ–∫—Ç...

You may provide a definition with
\DeclareUnicodeCharacter 


! Package inputenc Error: Unicode character –ª (U+043B)
(inputenc)                not set up for use with LaTeX.

See the inputenc package documentation for explanation.
Type  H <return>  for immediate help.
 ...                                              
                                                  
l.4 –∞ —Ç–∞–∫–∂–µ —Ä–µ–∑—É–ª
                            —å—Ç–∞—Ç—ã –∏—Å—Å–ª–µ–¥–æ–≤–∞–Ω–∏—è —ç—Ñ—Ñ–µ–∫—Ç...

You may provide a definition with
\DeclareUnicodeCharacter 


! Package inputenc Error: Unicode character —å (U+044C)
(inputenc)                not set up for use with LaTeX.

See the inputenc package documentation for explanation.
Type  H <return>  for immediate help.
 ...                                              
                                                  
l.4 –∞ —Ç–∞–∫–∂–µ —Ä–µ–∑—É–ª—å
                              —Ç–∞—Ç—ã –∏—Å—Å–ª–µ–¥–æ–≤–∞–Ω–∏—è —ç—Ñ—Ñ–µ–∫—Ç...

You may provide a definition with
\DeclareUnicodeCharacter 


! Package inputenc Error: Unicode character —Ç (U+0442)
(inputenc)                not set up for use with LaTeX.

See the inputenc package documentation for explanation.
Type  H <return>  for immediate help.
 ...                                              
                                                  
l.4 –∞ —Ç–∞–∫–∂–µ —Ä–µ–∑—É–ª—å—Ç
                                –∞—Ç—ã –∏—Å—Å–ª–µ–¥–æ–≤–∞–Ω–∏—è —ç—Ñ—Ñ–µ–∫—Ç...

You may provide a definition with
\DeclareUnicodeCharacter 


! Package inputenc Error: Unicode character –∞ (U+0430)
(inputenc)                not set up for use with LaTeX.

See the inputenc package documentation for explanation.
Type  H <return>  for immediate help.
 ...                                              
                                                  
l.4 –∞ —Ç–∞–∫–∂–µ —Ä–µ–∑—É–ª—å—Ç–∞
                                  —Ç—ã –∏—Å—Å–ª–µ–¥–æ–≤–∞–Ω–∏—è —ç—Ñ—Ñ–µ–∫—Ç...

You may provide a definition with
\DeclareUnicodeCharacter 


! Package inputenc Error: Unicode character —Ç (U+0442)
(inputenc)                not set up for use with LaTeX.

See the inputenc package documentation for explanation.
Type  H <return>  for immediate help.
 ...                                              
                                                  
l.4 –∞ —Ç–∞–∫–∂–µ —Ä–µ–∑—É–ª—å—Ç–∞—Ç
                                    —ã –∏—Å—Å–ª–µ–¥–æ–≤–∞–Ω–∏—è —ç—Ñ—Ñ–µ–∫—Ç...

You may provide a definition with
\DeclareUnicodeCharacter 


! Package inputenc Error: Unicode character —ã (U+044B)
(inputenc)                not set up for use with LaTeX.

See the inputenc package documentation for explanation.
Type  H <return>  for immediate help.
 ...                                              
                                                  
l.4 –∞ —Ç–∞–∫–∂–µ —Ä–µ–∑—É–ª—å—Ç–∞—Ç—ã
                                       –∏—Å—Å–ª–µ–¥–æ–≤–∞–Ω–∏—è —ç—Ñ—Ñ–µ–∫—Ç...

You may provide a definition with
\DeclareUnicodeCharacter 


! Package inputenc Error: Unicode character –∏ (U+0438)
(inputenc)                not set up for use with LaTeX.

See the inputenc package documentation for explanation.
Type  H <return>  for immediate help.
 ...                                              
                                                  
l.4 –∞ —Ç–∞–∫–∂–µ —Ä–µ–∑—É–ª—å—Ç–∞—Ç—ã –∏
                                         —Å—Å–ª–µ–¥–æ–≤–∞–Ω–∏—è —ç—Ñ—Ñ–µ–∫—Ç...

You may provide a definition with
\DeclareUnicodeCharacter 


! Package inputenc Error: Unicode character —Å (U+0441)
(inputenc)                not set up for use with LaTeX.

See the inputenc package documentation for explanation.
Type  H <return>  for immediate help.
 ...                                              
                                                  
l.4 –∞ —Ç–∞–∫–∂–µ —Ä–µ–∑—É–ª—å—Ç–∞—Ç—ã –∏—Å
                                           —Å–ª–µ–¥–æ–≤–∞–Ω–∏—è —ç—Ñ—Ñ–µ–∫—Ç...

You may provide a definition with
\DeclareUnicodeCharacter 


! Package inputenc Error: Unicode character —Å (U+0441)
(inputenc)                not set up for use with LaTeX.

See the inputenc package documentation for explanation.
Type  H <return>  for immediate help.
 ...                                              
                                                  
l.4 –∞ —Ç–∞–∫–∂–µ —Ä–µ–∑—É–ª—å—Ç–∞—Ç—ã –∏—Å—Å
                                             –ª–µ–¥–æ–≤–∞–Ω–∏—è —ç—Ñ—Ñ–µ–∫—Ç...

You may provide a definition with
\DeclareUnicodeCharacter 


! Package inputenc Error: Unicode character –ª (U+043B)
(inputenc)                not set up for use with LaTeX.

See the inputenc package documentation for explanation.
Type  H <return>  for immediate help.
 ...                                              
                                                  
l.4 –∞ —Ç–∞–∫–∂–µ —Ä–µ–∑—É–ª—å—Ç–∞—Ç—ã –∏—Å—Å–ª
                                               –µ–¥–æ–≤–∞–Ω–∏—è —ç—Ñ—Ñ–µ–∫—Ç...

You may provide a definition with
\DeclareUnicodeCharacter 


! Package inputenc Error: Unicode character –µ (U+0435)
(inputenc)                not set up for use with LaTeX.

See the inputenc package documentation for explanation.
Type  H <return>  for immediate help.
 ...                                              
                                                  
l.4 –∞ —Ç–∞–∫–∂–µ —Ä–µ–∑—É–ª—å—Ç–∞—Ç—ã –∏—Å—Å–ª–µ
                                                 –¥–æ–≤–∞–Ω–∏—è —ç—Ñ—Ñ–µ–∫—Ç...

You may provide a definition with
\DeclareUnicodeCharacter 


! Package inputenc Error: Unicode character –¥ (U+0434)
(inputenc)                not set up for use with LaTeX.

See the inputenc package documentation for explanation.
Type  H <return>  for immediate help.
 ...                                              
                                                  
l.4 ...Ç–∞–∫–∂–µ —Ä–µ–∑—É–ª—å—Ç–∞—Ç—ã –∏—Å—Å–ª–µ–¥
                                                  –æ–≤–∞–Ω–∏—è —ç—Ñ—Ñ–µ–∫—Ç–...

You may provide a definition with
\DeclareUnicodeCharacter 


! Package inputenc Error: Unicode character –æ (U+043E)
(inputenc)                not set up for use with LaTeX.

See the inputenc package documentation for explanation.
Type  H <return>  for immediate help.
 ...                                              
                                                  
l.4 ...∞–∫–∂–µ —Ä–µ–∑—É–ª—å—Ç–∞—Ç—ã –∏—Å—Å–ª–µ–¥–æ
                                                  –≤–∞–Ω–∏—è —ç—Ñ—Ñ–µ–∫—Ç–∏–...

You may provide a definition with
\DeclareUnicodeCharacter 


! Package inputenc Error: Unicode character –≤ (U+0432)
(inputenc)                not set up for use with LaTeX.

See the inputenc package documentation for explanation.
Type  H <return>  for immediate help.
 ...                                              
                                                  
l.4 ...∫–∂–µ —Ä–µ–∑—É–ª—å—Ç–∞—Ç—ã –∏—Å—Å–ª–µ–¥–æ–≤
                                                  –∞–Ω–∏—è —ç—Ñ—Ñ–µ–∫—Ç–∏–≤–...

You may provide a definition with
\DeclareUnicodeCharacter 


! Package inputenc Error: Unicode character –∞ (U+0430)
(inputenc)                not set up for use with LaTeX.

See the inputenc package documentation for explanation.
Type  H <return>  for immediate help.
 ...                                              
                                                  
l.4 ...∂–µ —Ä–µ–∑—É–ª—å—Ç–∞—Ç—ã –∏—Å—Å–ª–µ–¥–æ–≤–∞
                                                  –Ω–∏—è —ç—Ñ—Ñ–µ–∫—Ç–∏–≤–Ω–...

You may provide a definition with
\DeclareUnicodeCharacter 


! Package inputenc Error: Unicode character –Ω (U+043D)
(inputenc)                not set up for use with LaTeX.

See the inputenc package documentation for explanation.
Type  H <return>  for immediate help.
 ...                                              
                                                  
l.4 ...µ —Ä–µ–∑—É–ª—å—Ç–∞—Ç—ã –∏—Å—Å–ª–µ–¥–æ–≤–∞–Ω
                                                  –∏—è —ç—Ñ—Ñ–µ–∫—Ç–∏–≤–Ω–æ—...

You may provide a definition with
\DeclareUnicodeCharacter 


! Package inputenc Error: Unicode character –∏ (U+0438)
(inputenc)                not set up for use with LaTeX.

See the inputenc package documentation for explanation.
Type  H <return>  for immediate help.
 ...                                              
                                                  
l.4 ...—Ä–µ–∑—É–ª—å—Ç–∞—Ç—ã –∏—Å—Å–ª–µ–¥–æ–≤–∞–Ω–∏
                                                  —è —ç—Ñ—Ñ–µ–∫—Ç–∏–≤–Ω–æ—Å—...

You may provide a definition with
\DeclareUnicodeCharacter 


! Package inputenc Error: Unicode character —è (U+044F)
(inputenc)                not set up for use with LaTeX.

See the inputenc package documentation for explanation.
Type  H <return>  for immediate help.
 ...                                              
                                                  
l.4 ...–µ–∑—É–ª—å—Ç–∞—Ç—ã –∏—Å—Å–ª–µ–¥–æ–≤–∞–Ω–∏—è
                                                   —ç—Ñ—Ñ–µ–∫—Ç–∏–≤–Ω–æ—Å—Ç–...

You may provide a definition with
\DeclareUnicodeCharacter 


! Package inputenc Error: Unicode character —ç (U+044D)
(inputenc)                not set up for use with LaTeX.

See the inputenc package documentation for explanation.
Type  H <return>  for immediate help.
 ...                                              
                                                  
l.4 ...∑—É–ª—å—Ç–∞—Ç—ã –∏—Å—Å–ª–µ–¥–æ–≤–∞–Ω–∏—è —ç
                                                  —Ñ—Ñ–µ–∫—Ç–∏–≤–Ω–æ—Å—Ç–∏ —...
(That makes 100 errors; please try again.) 
Here is how much of TeX's memory you used:
 34 strings out of 492452
 557 string characters out of 3129816
 59365 words of memory out of 3000000
 4491 multiletter control sequences out of 15000+200000
 3640 words of font info for 14 fonts, out of 3000000 for 9000
 1141 hyphenation exceptions out of 8191
 10i,0n,10p,131b,31s stack positions out of 5000i,500n,10000p,200000b,50000s

!  ==> Fatal error occurred, no output PDF file produced!
