This is pdfTeX, Version 3.14159265-2.6-1.40.20 (MiKTeX 2.9.7200 64-bit) (preloaded format=pdflatex 2019.10.14)  4 DEC 2019 22:52
entering extended mode
**./technology.tex
(technology.tex
LaTeX2e <2019-10-01>
! Undefined control sequence.
l.1 \section
            {–¢–µ—Ö–Ω–æ–ª–æ–≥–∏—á–µ—Å–∫–∏–π —Ä–∞–∑–¥–µ–ª}
The control sequence at the end of the top line
of your error message was never \def'ed. If you have
misspelled it (e.g., `\hobx'), type `I' and the correct
spelling (e.g., `I\hbox'). Otherwise just continue,
and I'll forget about whatever was undefined.


! Package inputenc Error: Unicode character –¢ (U+0422)
(inputenc)                not set up for use with LaTeX.

See the inputenc package documentation for explanation.
Type  H <return>  for immediate help.
 ...                                              
                                                  
l.1 \section{–¢
               –µ—Ö–Ω–æ–ª–æ–≥–∏—á–µ—Å–∫–∏–π —Ä–∞–∑–¥–µ–ª}
You may provide a definition with
\DeclareUnicodeCharacter 


! Package inputenc Error: Unicode character –µ (U+0435)
(inputenc)                not set up for use with LaTeX.

See the inputenc package documentation for explanation.
Type  H <return>  for immediate help.
 ...                                              
                                                  
l.1 \section{–¢–µ
                 —Ö–Ω–æ–ª–æ–≥–∏—á–µ—Å–∫–∏–π —Ä–∞–∑–¥–µ–ª}
You may provide a definition with
\DeclareUnicodeCharacter 


! Package inputenc Error: Unicode character —Ö (U+0445)
(inputenc)                not set up for use with LaTeX.

See the inputenc package documentation for explanation.
Type  H <return>  for immediate help.
 ...                                              
                                                  
l.1 \section{–¢–µ—Ö
                   –Ω–æ–ª–æ–≥–∏—á–µ—Å–∫–∏–π —Ä–∞–∑–¥–µ–ª}
You may provide a definition with
\DeclareUnicodeCharacter 


! Package inputenc Error: Unicode character –Ω (U+043D)
(inputenc)                not set up for use with LaTeX.

See the inputenc package documentation for explanation.
Type  H <return>  for immediate help.
 ...                                              
                                                  
l.1 \section{–¢–µ—Ö–Ω
                     –æ–ª–æ–≥–∏—á–µ—Å–∫–∏–π —Ä–∞–∑–¥–µ–ª}
You may provide a definition with
\DeclareUnicodeCharacter 


! Package inputenc Error: Unicode character –æ (U+043E)
(inputenc)                not set up for use with LaTeX.

See the inputenc package documentation for explanation.
Type  H <return>  for immediate help.
 ...                                              
                                                  
l.1 \section{–¢–µ—Ö–Ω–æ
                       –ª–æ–≥–∏—á–µ—Å–∫–∏–π —Ä–∞–∑–¥–µ–ª}
You may provide a definition with
\DeclareUnicodeCharacter 


! Package inputenc Error: Unicode character –ª (U+043B)
(inputenc)                not set up for use with LaTeX.

See the inputenc package documentation for explanation.
Type  H <return>  for immediate help.
 ...                                              
                                                  
l.1 \section{–¢–µ—Ö–Ω–æ–ª
                         –æ–≥–∏—á–µ—Å–∫–∏–π —Ä–∞–∑–¥–µ–ª}
You may provide a definition with
\DeclareUnicodeCharacter 


! Package inputenc Error: Unicode character –æ (U+043E)
(inputenc)                not set up for use with LaTeX.

See the inputenc package documentation for explanation.
Type  H <return>  for immediate help.
 ...                                              
                                                  
l.1 \section{–¢–µ—Ö–Ω–æ–ª–æ
                           –≥–∏—á–µ—Å–∫–∏–π —Ä–∞–∑–¥–µ–ª}
You may provide a definition with
\DeclareUnicodeCharacter 


! Package inputenc Error: Unicode character –≥ (U+0433)
(inputenc)                not set up for use with LaTeX.

See the inputenc package documentation for explanation.
Type  H <return>  for immediate help.
 ...                                              
                                                  
l.1 \section{–¢–µ—Ö–Ω–æ–ª–æ–≥
                             –∏—á–µ—Å–∫–∏–π —Ä–∞–∑–¥–µ–ª}
You may provide a definition with
\DeclareUnicodeCharacter 


! Package inputenc Error: Unicode character –∏ (U+0438)
(inputenc)                not set up for use with LaTeX.

See the inputenc package documentation for explanation.
Type  H <return>  for immediate help.
 ...                                              
                                                  
l.1 \section{–¢–µ—Ö–Ω–æ–ª–æ–≥–∏
                               —á–µ—Å–∫–∏–π —Ä–∞–∑–¥–µ–ª}
You may provide a definition with
\DeclareUnicodeCharacter 


! Package inputenc Error: Unicode character —á (U+0447)
(inputenc)                not set up for use with LaTeX.

See the inputenc package documentation for explanation.
Type  H <return>  for immediate help.
 ...                                              
                                                  
l.1 \section{–¢–µ—Ö–Ω–æ–ª–æ–≥–∏—á
                                 –µ—Å–∫–∏–π —Ä–∞–∑–¥–µ–ª}
You may provide a definition with
\DeclareUnicodeCharacter 


! Package inputenc Error: Unicode character –µ (U+0435)
(inputenc)                not set up for use with LaTeX.

See the inputenc package documentation for explanation.
Type  H <return>  for immediate help.
 ...                                              
                                                  
l.1 \section{–¢–µ—Ö–Ω–æ–ª–æ–≥–∏—á–µ
                                   —Å–∫–∏–π —Ä–∞–∑–¥–µ–ª}
You may provide a definition with
\DeclareUnicodeCharacter 


! Package inputenc Error: Unicode character —Å (U+0441)
(inputenc)                not set up for use with LaTeX.

See the inputenc package documentation for explanation.
Type  H <return>  for immediate help.
 ...                                              
                                                  
l.1 \section{–¢–µ—Ö–Ω–æ–ª–æ–≥–∏—á–µ—Å
                                     –∫–∏–π —Ä–∞–∑–¥–µ–ª}
You may provide a definition with
\DeclareUnicodeCharacter 


! Package inputenc Error: Unicode character –∫ (U+043A)
(inputenc)                not set up for use with LaTeX.

See the inputenc package documentation for explanation.
Type  H <return>  for immediate help.
 ...                                              
                                                  
l.1 \section{–¢–µ—Ö–Ω–æ–ª–æ–≥–∏—á–µ—Å–∫
                                       –∏–π —Ä–∞–∑–¥–µ–ª}
You may provide a definition with
\DeclareUnicodeCharacter 


! Package inputenc Error: Unicode character –∏ (U+0438)
(inputenc)                not set up for use with LaTeX.

See the inputenc package documentation for explanation.
Type  H <return>  for immediate help.
 ...                                              
                                                  
l.1 \section{–¢–µ—Ö–Ω–æ–ª–æ–≥–∏—á–µ—Å–∫–∏
                                         –π —Ä–∞–∑–¥–µ–ª}
You may provide a definition with
\DeclareUnicodeCharacter 


! Package inputenc Error: Unicode character –π (U+0439)
(inputenc)                not set up for use with LaTeX.

See the inputenc package documentation for explanation.
Type  H <return>  for immediate help.
 ...                                              
                                                  
l.1 \section{–¢–µ—Ö–Ω–æ–ª–æ–≥–∏—á–µ—Å–∫–∏–π
                                            —Ä–∞–∑–¥–µ–ª}
You may provide a definition with
\DeclareUnicodeCharacter 


! Package inputenc Error: Unicode character —Ä (U+0440)
(inputenc)                not set up for use with LaTeX.

See the inputenc package documentation for explanation.
Type  H <return>  for immediate help.
 ...                                              
                                                  
l.1 \section{–¢–µ—Ö–Ω–æ–ª–æ–≥–∏—á–µ—Å–∫–∏–π —Ä
                                              –∞–∑–¥–µ–ª}
You may provide a definition with
\DeclareUnicodeCharacter 


! Package inputenc Error: Unicode character –∞ (U+0430)
(inputenc)                not set up for use with LaTeX.

See the inputenc package documentation for explanation.
Type  H <return>  for immediate help.
 ...                                              
                                                  
l.1 \section{–¢–µ—Ö–Ω–æ–ª–æ–≥–∏—á–µ—Å–∫–∏–π —Ä–∞
                                                –∑–¥–µ–ª}
You may provide a definition with
\DeclareUnicodeCharacter 


! Package inputenc Error: Unicode character –∑ (U+0437)
(inputenc)                not set up for use with LaTeX.

See the inputenc package documentation for explanation.
Type  H <return>  for immediate help.
 ...                                              
                                                  
l.1 \section{–¢–µ—Ö–Ω–æ–ª–æ–≥–∏—á–µ—Å–∫–∏–π —Ä–∞–∑
                                                  –¥–µ–ª}
You may provide a definition with
\DeclareUnicodeCharacter 


! Package inputenc Error: Unicode character –¥ (U+0434)
(inputenc)                not set up for use with LaTeX.

See the inputenc package documentation for explanation.
Type  H <return>  for immediate help.
 ...                                              
                                                  
l.1 ...ion{–¢–µ—Ö–Ω–æ–ª–æ–≥–∏—á–µ—Å–∫–∏–π —Ä–∞–∑–¥
                                                  –µ–ª}
You may provide a definition with
\DeclareUnicodeCharacter 


! Package inputenc Error: Unicode character –µ (U+0435)
(inputenc)                not set up for use with LaTeX.

See the inputenc package documentation for explanation.
Type  H <return>  for immediate help.
 ...                                              
                                                  
l.1 ...n{–¢–µ—Ö–Ω–æ–ª–æ–≥–∏—á–µ—Å–∫–∏–π —Ä–∞–∑–¥–µ
                                                  –ª}
You may provide a definition with
\DeclareUnicodeCharacter 


! Package inputenc Error: Unicode character –ª (U+043B)
(inputenc)                not set up for use with LaTeX.

See the inputenc package documentation for explanation.
Type  H <return>  for immediate help.
 ...                                              
                                                  
l.1 ...–¢–µ—Ö–Ω–æ–ª–æ–≥–∏—á–µ—Å–∫–∏–π —Ä–∞–∑–¥–µ–ª
                                                  }
You may provide a definition with
\DeclareUnicodeCharacter 


! Package inputenc Error: Unicode character –ó (U+0417)
(inputenc)                not set up for use with LaTeX.

See the inputenc package documentation for explanation.
Type  H <return>  for immediate help.
 ...                                              
                                                  
l.3 –ó
      –¥–µ—Å—å –æ–ø–∏—Å—ã–≤–∞—é—Ç—Å—è —Ç—Ä–µ–±–æ–≤–∞–Ω–∏—è –∫ –ø—Ä–æ–≥—Ä–∞–º...

You may provide a definition with
\DeclareUnicodeCharacter 


! Package inputenc Error: Unicode character –¥ (U+0434)
(inputenc)                not set up for use with LaTeX.

See the inputenc package documentation for explanation.
Type  H <return>  for immediate help.
 ...                                              
                                                  
l.3 –ó–¥
        –µ—Å—å –æ–ø–∏—Å—ã–≤–∞—é—Ç—Å—è —Ç—Ä–µ–±–æ–≤–∞–Ω–∏—è –∫ –ø—Ä–æ–≥—Ä–∞–º...

You may provide a definition with
\DeclareUnicodeCharacter 


! Package inputenc Error: Unicode character –µ (U+0435)
(inputenc)                not set up for use with LaTeX.

See the inputenc package documentation for explanation.
Type  H <return>  for immediate help.
 ...                                              
                                                  
l.3 –ó–¥–µ
          —Å—å –æ–ø–∏—Å—ã–≤–∞—é—Ç—Å—è —Ç—Ä–µ–±–æ–≤–∞–Ω–∏—è –∫ –ø—Ä–æ–≥—Ä–∞–º...

You may provide a definition with
\DeclareUnicodeCharacter 


! Package inputenc Error: Unicode character —Å (U+0441)
(inputenc)                not set up for use with LaTeX.

See the inputenc package documentation for explanation.
Type  H <return>  for immediate help.
 ...                                              
                                                  
l.3 –ó–¥–µ—Å
            —å –æ–ø–∏—Å—ã–≤–∞—é—Ç—Å—è —Ç—Ä–µ–±–æ–≤–∞–Ω–∏—è –∫ –ø—Ä–æ–≥—Ä–∞–º...

You may provide a definition with
\DeclareUnicodeCharacter 


! Package inputenc Error: Unicode character —å (U+044C)
(inputenc)                not set up for use with LaTeX.

See the inputenc package documentation for explanation.
Type  H <return>  for immediate help.
 ...                                              
                                                  
l.3 –ó–¥–µ—Å—å
               –æ–ø–∏—Å—ã–≤–∞—é—Ç—Å—è —Ç—Ä–µ–±–æ–≤–∞–Ω–∏—è –∫ –ø—Ä–æ–≥—Ä–∞–º...

You may provide a definition with
\DeclareUnicodeCharacter 


! Package inputenc Error: Unicode character –æ (U+043E)
(inputenc)                not set up for use with LaTeX.

See the inputenc package documentation for explanation.
Type  H <return>  for immediate help.
 ...                                              
                                                  
l.3 –ó–¥–µ—Å—å –æ
                 –ø–∏—Å—ã–≤–∞—é—Ç—Å—è —Ç—Ä–µ–±–æ–≤–∞–Ω–∏—è –∫ –ø—Ä–æ–≥—Ä–∞–º...

You may provide a definition with
\DeclareUnicodeCharacter 


! Package inputenc Error: Unicode character –ø (U+043F)
(inputenc)                not set up for use with LaTeX.

See the inputenc package documentation for explanation.
Type  H <return>  for immediate help.
 ...                                              
                                                  
l.3 –ó–¥–µ—Å—å –æ–ø
                   –∏—Å—ã–≤–∞—é—Ç—Å—è —Ç—Ä–µ–±–æ–≤–∞–Ω–∏—è –∫ –ø—Ä–æ–≥—Ä–∞–º...

You may provide a definition with
\DeclareUnicodeCharacter 


! Package inputenc Error: Unicode character –∏ (U+0438)
(inputenc)                not set up for use with LaTeX.

See the inputenc package documentation for explanation.
Type  H <return>  for immediate help.
 ...                                              
                                                  
l.3 –ó–¥–µ—Å—å –æ–ø–∏
                     —Å—ã–≤–∞—é—Ç—Å—è —Ç—Ä–µ–±–æ–≤–∞–Ω–∏—è –∫ –ø—Ä–æ–≥—Ä–∞–º...

You may provide a definition with
\DeclareUnicodeCharacter 


! Package inputenc Error: Unicode character —Å (U+0441)
(inputenc)                not set up for use with LaTeX.

See the inputenc package documentation for explanation.
Type  H <return>  for immediate help.
 ...                                              
                                                  
l.3 –ó–¥–µ—Å—å –æ–ø–∏—Å
                       —ã–≤–∞—é—Ç—Å—è —Ç—Ä–µ–±–æ–≤–∞–Ω–∏—è –∫ –ø—Ä–æ–≥—Ä–∞–º...

You may provide a definition with
\DeclareUnicodeCharacter 


! Package inputenc Error: Unicode character —ã (U+044B)
(inputenc)                not set up for use with LaTeX.

See the inputenc package documentation for explanation.
Type  H <return>  for immediate help.
 ...                                              
                                                  
l.3 –ó–¥–µ—Å—å –æ–ø–∏—Å—ã
                         –≤–∞—é—Ç—Å—è —Ç—Ä–µ–±–æ–≤–∞–Ω–∏—è –∫ –ø—Ä–æ–≥—Ä–∞–º...

You may provide a definition with
\DeclareUnicodeCharacter 


! Package inputenc Error: Unicode character –≤ (U+0432)
(inputenc)                not set up for use with LaTeX.

See the inputenc package documentation for explanation.
Type  H <return>  for immediate help.
 ...                                              
                                                  
l.3 –ó–¥–µ—Å—å –æ–ø–∏—Å—ã–≤
                           –∞—é—Ç—Å—è —Ç—Ä–µ–±–æ–≤–∞–Ω–∏—è –∫ –ø—Ä–æ–≥—Ä–∞–º...

You may provide a definition with
\DeclareUnicodeCharacter 


! Package inputenc Error: Unicode character –∞ (U+0430)
(inputenc)                not set up for use with LaTeX.

See the inputenc package documentation for explanation.
Type  H <return>  for immediate help.
 ...                                              
                                                  
l.3 –ó–¥–µ—Å—å –æ–ø–∏—Å—ã–≤–∞
                             —é—Ç—Å—è —Ç—Ä–µ–±–æ–≤–∞–Ω–∏—è –∫ –ø—Ä–æ–≥—Ä–∞–º...

You may provide a definition with
\DeclareUnicodeCharacter 


! Package inputenc Error: Unicode character —é (U+044E)
(inputenc)                not set up for use with LaTeX.

See the inputenc package documentation for explanation.
Type  H <return>  for immediate help.
 ...                                              
                                                  
l.3 –ó–¥–µ—Å—å –æ–ø–∏—Å—ã–≤–∞—é
                               —Ç—Å—è —Ç—Ä–µ–±–æ–≤–∞–Ω–∏—è –∫ –ø—Ä–æ–≥—Ä–∞–º...

You may provide a definition with
\DeclareUnicodeCharacter 


! Package inputenc Error: Unicode character —Ç (U+0442)
(inputenc)                not set up for use with LaTeX.

See the inputenc package documentation for explanation.
Type  H <return>  for immediate help.
 ...                                              
                                                  
l.3 –ó–¥–µ—Å—å –æ–ø–∏—Å—ã–≤–∞—é—Ç
                                 —Å—è —Ç—Ä–µ–±–æ–≤–∞–Ω–∏—è –∫ –ø—Ä–æ–≥—Ä–∞–º...

You may provide a definition with
\DeclareUnicodeCharacter 


! Package inputenc Error: Unicode character —Å (U+0441)
(inputenc)                not set up for use with LaTeX.

See the inputenc package documentation for explanation.
Type  H <return>  for immediate help.
 ...                                              
                                                  
l.3 –ó–¥–µ—Å—å –æ–ø–∏—Å—ã–≤–∞—é—Ç—Å
                                   —è —Ç—Ä–µ–±–æ–≤–∞–Ω–∏—è –∫ –ø—Ä–æ–≥—Ä–∞–º...

You may provide a definition with
\DeclareUnicodeCharacter 


! Package inputenc Error: Unicode character —è (U+044F)
(inputenc)                not set up for use with LaTeX.

See the inputenc package documentation for explanation.
Type  H <return>  for immediate help.
 ...                                              
                                                  
l.3 –ó–¥–µ—Å—å –æ–ø–∏—Å—ã–≤–∞—é—Ç—Å—è
                                      —Ç—Ä–µ–±–æ–≤–∞–Ω–∏—è –∫ –ø—Ä–æ–≥—Ä–∞–º...

You may provide a definition with
\DeclareUnicodeCharacter 


! Package inputenc Error: Unicode character —Ç (U+0442)
(inputenc)                not set up for use with LaTeX.

See the inputenc package documentation for explanation.
Type  H <return>  for immediate help.
 ...                                              
                                                  
l.3 –ó–¥–µ—Å—å –æ–ø–∏—Å—ã–≤–∞—é—Ç—Å—è —Ç
                                        —Ä–µ–±–æ–≤–∞–Ω–∏—è –∫ –ø—Ä–æ–≥—Ä–∞–º...

You may provide a definition with
\DeclareUnicodeCharacter 


! Package inputenc Error: Unicode character —Ä (U+0440)
(inputenc)                not set up for use with LaTeX.

See the inputenc package documentation for explanation.
Type  H <return>  for immediate help.
 ...                                              
                                                  
l.3 –ó–¥–µ—Å—å –æ–ø–∏—Å—ã–≤–∞—é—Ç—Å—è —Ç—Ä
                                          –µ–±–æ–≤–∞–Ω–∏—è –∫ –ø—Ä–æ–≥—Ä–∞–º...

You may provide a definition with
\DeclareUnicodeCharacter 


! Package inputenc Error: Unicode character –µ (U+0435)
(inputenc)                not set up for use with LaTeX.

See the inputenc package documentation for explanation.
Type  H <return>  for immediate help.
 ...                                              
                                                  
l.3 –ó–¥–µ—Å—å –æ–ø–∏—Å—ã–≤–∞—é—Ç—Å—è —Ç—Ä–µ
                                            –±–æ–≤–∞–Ω–∏—è –∫ –ø—Ä–æ–≥—Ä–∞–º...

You may provide a definition with
\DeclareUnicodeCharacter 


! Package inputenc Error: Unicode character –± (U+0431)
(inputenc)                not set up for use with LaTeX.

See the inputenc package documentation for explanation.
Type  H <return>  for immediate help.
 ...                                              
                                                  
l.3 –ó–¥–µ—Å—å –æ–ø–∏—Å—ã–≤–∞—é—Ç—Å—è —Ç—Ä–µ–±
                                              –æ–≤–∞–Ω–∏—è –∫ –ø—Ä–æ–≥—Ä–∞–º...

You may provide a definition with
\DeclareUnicodeCharacter 


! Package inputenc Error: Unicode character –æ (U+043E)
(inputenc)                not set up for use with LaTeX.

See the inputenc package documentation for explanation.
Type  H <return>  for immediate help.
 ...                                              
                                                  
l.3 –ó–¥–µ—Å—å –æ–ø–∏—Å—ã–≤–∞—é—Ç—Å—è —Ç—Ä–µ–±–æ
                                                –≤–∞–Ω–∏—è –∫ –ø—Ä–æ–≥—Ä–∞–º...

You may provide a definition with
\DeclareUnicodeCharacter 


! Package inputenc Error: Unicode character –≤ (U+0432)
(inputenc)                not set up for use with LaTeX.

See the inputenc package documentation for explanation.
Type  H <return>  for immediate help.
 ...                                              
                                                  
l.3 –ó–¥–µ—Å—å –æ–ø–∏—Å—ã–≤–∞—é—Ç—Å—è —Ç—Ä–µ–±–æ–≤
                                                  –∞–Ω–∏—è –∫ –ø—Ä–æ–≥—Ä–∞–º...

You may provide a definition with
\DeclareUnicodeCharacter 


! Package inputenc Error: Unicode character –∞ (U+0430)
(inputenc)                not set up for use with LaTeX.

See the inputenc package documentation for explanation.
Type  H <return>  for immediate help.
 ...                                              
                                                  
l.3 ...µ—Å—å –æ–ø–∏—Å—ã–≤–∞—é—Ç—Å—è —Ç—Ä–µ–±–æ–≤–∞
                                                  –Ω–∏—è –∫ –ø—Ä–æ–≥—Ä–∞–º–º...

You may provide a definition with
\DeclareUnicodeCharacter 


! Package inputenc Error: Unicode character –Ω (U+043D)
(inputenc)                not set up for use with LaTeX.

See the inputenc package documentation for explanation.
Type  H <return>  for immediate help.
 ...                                              
                                                  
l.3 ...Å—å –æ–ø–∏—Å—ã–≤–∞—é—Ç—Å—è —Ç—Ä–µ–±–æ–≤–∞–Ω
                                                  –∏—è –∫ –ø—Ä–æ–≥—Ä–∞–º–º–Ω...

You may provide a definition with
\DeclareUnicodeCharacter 


! Package inputenc Error: Unicode character –∏ (U+0438)
(inputenc)                not set up for use with LaTeX.

See the inputenc package documentation for explanation.
Type  H <return>  for immediate help.
 ...                                              
                                                  
l.3 ...å –æ–ø–∏—Å—ã–≤–∞—é—Ç—Å—è —Ç—Ä–µ–±–æ–≤–∞–Ω–∏
                                                  —è –∫ –ø—Ä–æ–≥—Ä–∞–º–º–Ω–æ...

You may provide a definition with
\DeclareUnicodeCharacter 


! Package inputenc Error: Unicode character —è (U+044F)
(inputenc)                not set up for use with LaTeX.

See the inputenc package documentation for explanation.
Type  H <return>  for immediate help.
 ...                                              
                                                  
l.3 ...–æ–ø–∏—Å—ã–≤–∞—é—Ç—Å—è —Ç—Ä–µ–±–æ–≤–∞–Ω–∏—è
                                                   –∫ –ø—Ä–æ–≥—Ä–∞–º–º–Ω–æ–º—É
You may provide a definition with
\DeclareUnicodeCharacter 


! Package inputenc Error: Unicode character –∫ (U+043A)
(inputenc)                not set up for use with LaTeX.

See the inputenc package documentation for explanation.
Type  H <return>  for immediate help.
 ...                                              
                                                  
l.3 ...ø–∏—Å—ã–≤–∞—é—Ç—Å—è —Ç—Ä–µ–±–æ–≤–∞–Ω–∏—è –∫
                                                   –ø—Ä–æ–≥—Ä–∞–º–º–Ω–æ–º—É
You may provide a definition with
\DeclareUnicodeCharacter 


! Package inputenc Error: Unicode character –ø (U+043F)
(inputenc)                not set up for use with LaTeX.

See the inputenc package documentation for explanation.
Type  H <return>  for immediate help.
 ...                                              
                                                  
l.3 ...—Å—ã–≤–∞—é—Ç—Å—è —Ç—Ä–µ–±–æ–≤–∞–Ω–∏—è –∫ –ø
                                                  —Ä–æ–≥—Ä–∞–º–º–Ω–æ–º—É
You may provide a definition with
\DeclareUnicodeCharacter 


! Package inputenc Error: Unicode character —Ä (U+0440)
(inputenc)                not set up for use with LaTeX.

See the inputenc package documentation for explanation.
Type  H <return>  for immediate help.
 ...                                              
                                                  
l.3 ...—ã–≤–∞—é—Ç—Å—è —Ç—Ä–µ–±–æ–≤–∞–Ω–∏—è –∫ –ø—Ä
                                                  –æ–≥—Ä–∞–º–º–Ω–æ–º—É
You may provide a definition with
\DeclareUnicodeCharacter 


! Package inputenc Error: Unicode character –æ (U+043E)
(inputenc)                not set up for use with LaTeX.

See the inputenc package documentation for explanation.
Type  H <return>  for immediate help.
 ...                                              
                                                  
l.3 ...–≤–∞—é—Ç—Å—è —Ç—Ä–µ–±–æ–≤–∞–Ω–∏—è –∫ –ø—Ä–æ
                                                  –≥—Ä–∞–º–º–Ω–æ–º—É
You may provide a definition with
\DeclareUnicodeCharacter 


! Package inputenc Error: Unicode character –≥ (U+0433)
(inputenc)                not set up for use with LaTeX.

See the inputenc package documentation for explanation.
Type  H <return>  for immediate help.
 ...                                              
                                                  
l.3 ...–∞—é—Ç—Å—è —Ç—Ä–µ–±–æ–≤–∞–Ω–∏—è –∫ –ø—Ä–æ–≥
                                                  —Ä–∞–º–º–Ω–æ–º—É
You may provide a definition with
\DeclareUnicodeCharacter 


! Package inputenc Error: Unicode character —Ä (U+0440)
(inputenc)                not set up for use with LaTeX.

See the inputenc package documentation for explanation.
Type  H <return>  for immediate help.
 ...                                              
                                                  
l.3 ...—é—Ç—Å—è —Ç—Ä–µ–±–æ–≤–∞–Ω–∏—è –∫ –ø—Ä–æ–≥—Ä
                                                  –∞–º–º–Ω–æ–º—É
You may provide a definition with
\DeclareUnicodeCharacter 


! Package inputenc Error: Unicode character –∞ (U+0430)
(inputenc)                not set up for use with LaTeX.

See the inputenc package documentation for explanation.
Type  H <return>  for immediate help.
 ...                                              
                                                  
l.3 ...—Ç—Å—è —Ç—Ä–µ–±–æ–≤–∞–Ω–∏—è –∫ –ø—Ä–æ–≥—Ä–∞
                                                  –º–º–Ω–æ–º—É
You may provide a definition with
\DeclareUnicodeCharacter 


! Package inputenc Error: Unicode character –º (U+043C)
(inputenc)                not set up for use with LaTeX.

See the inputenc package documentation for explanation.
Type  H <return>  for immediate help.
 ...                                              
                                                  
l.3 ...—Å—è —Ç—Ä–µ–±–æ–≤–∞–Ω–∏—è –∫ –ø—Ä–æ–≥—Ä–∞–º
                                                  –º–Ω–æ–º—É
You may provide a definition with
\DeclareUnicodeCharacter 


! Package inputenc Error: Unicode character –º (U+043C)
(inputenc)                not set up for use with LaTeX.

See the inputenc package documentation for explanation.
Type  H <return>  for immediate help.
 ...                                              
                                                  
l.3 ...—è —Ç—Ä–µ–±–æ–≤–∞–Ω–∏—è –∫ –ø—Ä–æ–≥—Ä–∞–º–º
                                                  –Ω–æ–º—É
You may provide a definition with
\DeclareUnicodeCharacter 


! Package inputenc Error: Unicode character –Ω (U+043D)
(inputenc)                not set up for use with LaTeX.

See the inputenc package documentation for explanation.
Type  H <return>  for immediate help.
 ...                                              
                                                  
l.3 ... —Ç—Ä–µ–±–æ–≤–∞–Ω–∏—è –∫ –ø—Ä–æ–≥—Ä–∞–º–º–Ω
                                                  –æ–º—É
You may provide a definition with
\DeclareUnicodeCharacter 


! Package inputenc Error: Unicode character –æ (U+043E)
(inputenc)                not set up for use with LaTeX.

See the inputenc package documentation for explanation.
Type  H <return>  for immediate help.
 ...                                              
                                                  
l.3 ...Ç—Ä–µ–±–æ–≤–∞–Ω–∏—è –∫ –ø—Ä–æ–≥—Ä–∞–º–º–Ω–æ
                                                  –º—É
You may provide a definition with
\DeclareUnicodeCharacter 


! Package inputenc Error: Unicode character –º (U+043C)
(inputenc)                not set up for use with LaTeX.

See the inputenc package documentation for explanation.
Type  H <return>  for immediate help.
 ...                                              
                                                  
l.3 ...Ä–µ–±–æ–≤–∞–Ω–∏—è –∫ –ø—Ä–æ–≥—Ä–∞–º–º–Ω–æ–º
                                                  —É
You may provide a definition with
\DeclareUnicodeCharacter 


! Package inputenc Error: Unicode character —É (U+0443)
(inputenc)                not set up for use with LaTeX.

See the inputenc package documentation for explanation.
Type  H <return>  for immediate help.
 ...                                              
                                                  
l.3 ...µ–±–æ–≤–∞–Ω–∏—è –∫ –ø—Ä–æ–≥—Ä–∞–º–º–Ω–æ–º—É
                                                  
You may provide a definition with
\DeclareUnicodeCharacter 


! Package inputenc Error: Unicode character –æ (U+043E)
(inputenc)                not set up for use with LaTeX.

See the inputenc package documentation for explanation.
Type  H <return>  for immediate help.
 ...                                              
                                                  
l.4 –æ
      –±–µ—Å–ø–µ—á–µ–Ω–∏—é –∏ —Å—Ä–µ–¥—Å—Ç–≤–∞ —Ä–µ–∞–ª–∏–∑–∞—Ü–∏–∏, –ø—Ä–∏–...

You may provide a definition with
\DeclareUnicodeCharacter 


! Package inputenc Error: Unicode character –± (U+0431)
(inputenc)                not set up for use with LaTeX.

See the inputenc package documentation for explanation.
Type  H <return>  for immediate help.
 ...                                              
                                                  
l.4 –æ–±
        –µ—Å–ø–µ—á–µ–Ω–∏—é –∏ —Å—Ä–µ–¥—Å—Ç–≤–∞ —Ä–µ–∞–ª–∏–∑–∞—Ü–∏–∏, –ø—Ä–∏–...

You may provide a definition with
\DeclareUnicodeCharacter 


! Package inputenc Error: Unicode character –µ (U+0435)
(inputenc)                not set up for use with LaTeX.

See the inputenc package documentation for explanation.
Type  H <return>  for immediate help.
 ...                                              
                                                  
l.4 –æ–±–µ
          —Å–ø–µ—á–µ–Ω–∏—é –∏ —Å—Ä–µ–¥—Å—Ç–≤–∞ —Ä–µ–∞–ª–∏–∑–∞—Ü–∏–∏, –ø—Ä–∏–...

You may provide a definition with
\DeclareUnicodeCharacter 


! Package inputenc Error: Unicode character —Å (U+0441)
(inputenc)                not set up for use with LaTeX.

See the inputenc package documentation for explanation.
Type  H <return>  for immediate help.
 ...                                              
                                                  
l.4 –æ–±–µ—Å
            –ø–µ—á–µ–Ω–∏—é –∏ —Å—Ä–µ–¥—Å—Ç–≤–∞ —Ä–µ–∞–ª–∏–∑–∞—Ü–∏–∏, –ø—Ä–∏–...

You may provide a definition with
\DeclareUnicodeCharacter 


! Package inputenc Error: Unicode character –ø (U+043F)
(inputenc)                not set up for use with LaTeX.

See the inputenc package documentation for explanation.
Type  H <return>  for immediate help.
 ...                                              
                                                  
l.4 –æ–±–µ—Å–ø
              –µ—á–µ–Ω–∏—é –∏ —Å—Ä–µ–¥—Å—Ç–≤–∞ —Ä–µ–∞–ª–∏–∑–∞—Ü–∏–∏, –ø—Ä–∏–...

You may provide a definition with
\DeclareUnicodeCharacter 


! Package inputenc Error: Unicode character –µ (U+0435)
(inputenc)                not set up for use with LaTeX.

See the inputenc package documentation for explanation.
Type  H <return>  for immediate help.
 ...                                              
                                                  
l.4 –æ–±–µ—Å–ø–µ
                —á–µ–Ω–∏—é –∏ —Å—Ä–µ–¥—Å—Ç–≤–∞ —Ä–µ–∞–ª–∏–∑–∞—Ü–∏–∏, –ø—Ä–∏–...

You may provide a definition with
\DeclareUnicodeCharacter 


! Package inputenc Error: Unicode character —á (U+0447)
(inputenc)                not set up for use with LaTeX.

See the inputenc package documentation for explanation.
Type  H <return>  for immediate help.
 ...                                              
                                                  
l.4 –æ–±–µ—Å–ø–µ—á
                  –µ–Ω–∏—é –∏ —Å—Ä–µ–¥—Å—Ç–≤–∞ —Ä–µ–∞–ª–∏–∑–∞—Ü–∏–∏, –ø—Ä–∏–...

You may provide a definition with
\DeclareUnicodeCharacter 


! Package inputenc Error: Unicode character –µ (U+0435)
(inputenc)                not set up for use with LaTeX.

See the inputenc package documentation for explanation.
Type  H <return>  for immediate help.
 ...                                              
                                                  
l.4 –æ–±–µ—Å–ø–µ—á–µ
                    –Ω–∏—é –∏ —Å—Ä–µ–¥—Å—Ç–≤–∞ —Ä–µ–∞–ª–∏–∑–∞—Ü–∏–∏, –ø—Ä–∏–...

You may provide a definition with
\DeclareUnicodeCharacter 


! Package inputenc Error: Unicode character –Ω (U+043D)
(inputenc)                not set up for use with LaTeX.

See the inputenc package documentation for explanation.
Type  H <return>  for immediate help.
 ...                                              
                                                  
l.4 –æ–±–µ—Å–ø–µ—á–µ–Ω
                      –∏—é –∏ —Å—Ä–µ–¥—Å—Ç–≤–∞ —Ä–µ–∞–ª–∏–∑–∞—Ü–∏–∏, –ø—Ä–∏–...

You may provide a definition with
\DeclareUnicodeCharacter 


! Package inputenc Error: Unicode character –∏ (U+0438)
(inputenc)                not set up for use with LaTeX.

See the inputenc package documentation for explanation.
Type  H <return>  for immediate help.
 ...                                              
                                                  
l.4 –æ–±–µ—Å–ø–µ—á–µ–Ω–∏
                        —é –∏ —Å—Ä–µ–¥—Å—Ç–≤–∞ —Ä–µ–∞–ª–∏–∑–∞—Ü–∏–∏, –ø—Ä–∏–...

You may provide a definition with
\DeclareUnicodeCharacter 


! Package inputenc Error: Unicode character —é (U+044E)
(inputenc)                not set up for use with LaTeX.

See the inputenc package documentation for explanation.
Type  H <return>  for immediate help.
 ...                                              
                                                  
l.4 –æ–±–µ—Å–ø–µ—á–µ–Ω–∏—é
                           –∏ —Å—Ä–µ–¥—Å—Ç–≤–∞ —Ä–µ–∞–ª–∏–∑–∞—Ü–∏–∏, –ø—Ä–∏–...

You may provide a definition with
\DeclareUnicodeCharacter 


! Package inputenc Error: Unicode character –∏ (U+0438)
(inputenc)                not set up for use with LaTeX.

See the inputenc package documentation for explanation.
Type  H <return>  for immediate help.
 ...                                              
                                                  
l.4 –æ–±–µ—Å–ø–µ—á–µ–Ω–∏—é –∏
                              —Å—Ä–µ–¥—Å—Ç–≤–∞ —Ä–µ–∞–ª–∏–∑–∞—Ü–∏–∏, –ø—Ä–∏–...

You may provide a definition with
\DeclareUnicodeCharacter 


! Package inputenc Error: Unicode character —Å (U+0441)
(inputenc)                not set up for use with LaTeX.

See the inputenc package documentation for explanation.
Type  H <return>  for immediate help.
 ...                                              
                                                  
l.4 –æ–±–µ—Å–ø–µ—á–µ–Ω–∏—é –∏ —Å
                                —Ä–µ–¥—Å—Ç–≤–∞ —Ä–µ–∞–ª–∏–∑–∞—Ü–∏–∏, –ø—Ä–∏–...

You may provide a definition with
\DeclareUnicodeCharacter 


! Package inputenc Error: Unicode character —Ä (U+0440)
(inputenc)                not set up for use with LaTeX.

See the inputenc package documentation for explanation.
Type  H <return>  for immediate help.
 ...                                              
                                                  
l.4 –æ–±–µ—Å–ø–µ—á–µ–Ω–∏—é –∏ —Å—Ä
                                  –µ–¥—Å—Ç–≤–∞ —Ä–µ–∞–ª–∏–∑–∞—Ü–∏–∏, –ø—Ä–∏–...

You may provide a definition with
\DeclareUnicodeCharacter 


! Package inputenc Error: Unicode character –µ (U+0435)
(inputenc)                not set up for use with LaTeX.

See the inputenc package documentation for explanation.
Type  H <return>  for immediate help.
 ...                                              
                                                  
l.4 –æ–±–µ—Å–ø–µ—á–µ–Ω–∏—é –∏ —Å—Ä–µ
                                    –¥—Å—Ç–≤–∞ —Ä–µ–∞–ª–∏–∑–∞—Ü–∏–∏, –ø—Ä–∏–...

You may provide a definition with
\DeclareUnicodeCharacter 


! Package inputenc Error: Unicode character –¥ (U+0434)
(inputenc)                not set up for use with LaTeX.

See the inputenc package documentation for explanation.
Type  H <return>  for immediate help.
 ...                                              
                                                  
l.4 –æ–±–µ—Å–ø–µ—á–µ–Ω–∏—é –∏ —Å—Ä–µ–¥
                                      —Å—Ç–≤–∞ —Ä–µ–∞–ª–∏–∑–∞—Ü–∏–∏, –ø—Ä–∏–...

You may provide a definition with
\DeclareUnicodeCharacter 


! Package inputenc Error: Unicode character —Å (U+0441)
(inputenc)                not set up for use with LaTeX.

See the inputenc package documentation for explanation.
Type  H <return>  for immediate help.
 ...                                              
                                                  
l.4 –æ–±–µ—Å–ø–µ—á–µ–Ω–∏—é –∏ —Å—Ä–µ–¥—Å
                                        —Ç–≤–∞ —Ä–µ–∞–ª–∏–∑–∞—Ü–∏–∏, –ø—Ä–∏–...

You may provide a definition with
\DeclareUnicodeCharacter 


! Package inputenc Error: Unicode character —Ç (U+0442)
(inputenc)                not set up for use with LaTeX.

See the inputenc package documentation for explanation.
Type  H <return>  for immediate help.
 ...                                              
                                                  
l.4 –æ–±–µ—Å–ø–µ—á–µ–Ω–∏—é –∏ —Å—Ä–µ–¥—Å—Ç
                                          –≤–∞ —Ä–µ–∞–ª–∏–∑–∞—Ü–∏–∏, –ø—Ä–∏–...

You may provide a definition with
\DeclareUnicodeCharacter 


! Package inputenc Error: Unicode character –≤ (U+0432)
(inputenc)                not set up for use with LaTeX.

See the inputenc package documentation for explanation.
Type  H <return>  for immediate help.
 ...                                              
                                                  
l.4 –æ–±–µ—Å–ø–µ—á–µ–Ω–∏—é –∏ —Å—Ä–µ–¥—Å—Ç–≤
                                            –∞ —Ä–µ–∞–ª–∏–∑–∞—Ü–∏–∏, –ø—Ä–∏–...

You may provide a definition with
\DeclareUnicodeCharacter 


! Package inputenc Error: Unicode character –∞ (U+0430)
(inputenc)                not set up for use with LaTeX.

See the inputenc package documentation for explanation.
Type  H <return>  for immediate help.
 ...                                              
                                                  
l.4 –æ–±–µ—Å–ø–µ—á–µ–Ω–∏—é –∏ —Å—Ä–µ–¥—Å—Ç–≤–∞
                                               —Ä–µ–∞–ª–∏–∑–∞—Ü–∏–∏, –ø—Ä–∏–...

You may provide a definition with
\DeclareUnicodeCharacter 


! Package inputenc Error: Unicode character —Ä (U+0440)
(inputenc)                not set up for use with LaTeX.

See the inputenc package documentation for explanation.
Type  H <return>  for immediate help.
 ...                                              
                                                  
l.4 –æ–±–µ—Å–ø–µ—á–µ–Ω–∏—é –∏ —Å—Ä–µ–¥—Å—Ç–≤–∞ —Ä
                                                 –µ–∞–ª–∏–∑–∞—Ü–∏–∏, –ø—Ä–∏–...

You may provide a definition with
\DeclareUnicodeCharacter 


! Package inputenc Error: Unicode character –µ (U+0435)
(inputenc)                not set up for use with LaTeX.

See the inputenc package documentation for explanation.
Type  H <return>  for immediate help.
 ...                                              
                                                  
l.4 ...–µ—Å–ø–µ—á–µ–Ω–∏—é –∏ —Å—Ä–µ–¥—Å—Ç–≤–∞ —Ä–µ
                                                  –∞–ª–∏–∑–∞—Ü–∏–∏, –ø—Ä–∏–≤...

You may provide a definition with
\DeclareUnicodeCharacter 


! Package inputenc Error: Unicode character –∞ (U+0430)
(inputenc)                not set up for use with LaTeX.

See the inputenc package documentation for explanation.
Type  H <return>  for immediate help.
 ...                                              
                                                  
l.4 ...—Å–ø–µ—á–µ–Ω–∏—é –∏ —Å—Ä–µ–¥—Å—Ç–≤–∞ —Ä–µ–∞
                                                  –ª–∏–∑–∞—Ü–∏–∏, –ø—Ä–∏–≤–æ...

You may provide a definition with
\DeclareUnicodeCharacter 


! Package inputenc Error: Unicode character –ª (U+043B)
(inputenc)                not set up for use with LaTeX.

See the inputenc package documentation for explanation.
Type  H <return>  for immediate help.
 ...                                              
                                                  
l.4 ...–ø–µ—á–µ–Ω–∏—é –∏ —Å—Ä–µ–¥—Å—Ç–≤–∞ —Ä–µ–∞–ª
                                                  –∏–∑–∞—Ü–∏–∏, –ø—Ä–∏–≤–æ–¥...

You may provide a definition with
\DeclareUnicodeCharacter 


! Package inputenc Error: Unicode character –∏ (U+0438)
(inputenc)                not set up for use with LaTeX.

See the inputenc package documentation for explanation.
Type  H <return>  for immediate help.
 ...                                              
                                                  
l.4 ...–µ—á–µ–Ω–∏—é –∏ —Å—Ä–µ–¥—Å—Ç–≤–∞ —Ä–µ–∞–ª–∏
                                                  –∑–∞—Ü–∏–∏, –ø—Ä–∏–≤–æ–¥—è...

You may provide a definition with
\DeclareUnicodeCharacter 


! Package inputenc Error: Unicode character –∑ (U+0437)
(inputenc)                not set up for use with LaTeX.

See the inputenc package documentation for explanation.
Type  H <return>  for immediate help.
 ...                                              
                                                  
l.4 ...—á–µ–Ω–∏—é –∏ —Å—Ä–µ–¥—Å—Ç–≤–∞ —Ä–µ–∞–ª–∏–∑
                                                  –∞—Ü–∏–∏, –ø—Ä–∏–≤–æ–¥—è—Ç...

You may provide a definition with
\DeclareUnicodeCharacter 


! Package inputenc Error: Unicode character –∞ (U+0430)
(inputenc)                not set up for use with LaTeX.

See the inputenc package documentation for explanation.
Type  H <return>  for immediate help.
 ...                                              
                                                  
l.4 ...–µ–Ω–∏—é –∏ —Å—Ä–µ–¥—Å—Ç–≤–∞ —Ä–µ–∞–ª–∏–∑–∞
                                                  —Ü–∏–∏, –ø—Ä–∏–≤–æ–¥—è—Ç—Å...

You may provide a definition with
\DeclareUnicodeCharacter 


! Package inputenc Error: Unicode character —Ü (U+0446)
(inputenc)                not set up for use with LaTeX.

See the inputenc package documentation for explanation.
Type  H <return>  for immediate help.
 ...                                              
                                                  
l.4 ...–Ω–∏—é –∏ —Å—Ä–µ–¥—Å—Ç–≤–∞ —Ä–µ–∞–ª–∏–∑–∞—Ü
                                                  –∏–∏, –ø—Ä–∏–≤–æ–¥—è—Ç—Å—è...

You may provide a definition with
\DeclareUnicodeCharacter 


! Package inputenc Error: Unicode character –∏ (U+0438)
(inputenc)                not set up for use with LaTeX.

See the inputenc package documentation for explanation.
Type  H <return>  for immediate help.
 ...                                              
                                                  
l.4 ...–∏—é –∏ —Å—Ä–µ–¥—Å—Ç–≤–∞ —Ä–µ–∞–ª–∏–∑–∞—Ü–∏
                                                  –∏, –ø—Ä–∏–≤–æ–¥—è—Ç—Å—è –...

You may provide a definition with
\DeclareUnicodeCharacter 


! Package inputenc Error: Unicode character –∏ (U+0438)
(inputenc)                not set up for use with LaTeX.

See the inputenc package documentation for explanation.
Type  H <return>  for immediate help.
 ...                                              
                                                  
l.4 ...—é –∏ —Å—Ä–µ–¥—Å—Ç–≤–∞ —Ä–µ–∞–ª–∏–∑–∞—Ü–∏–∏
                                                  , –ø—Ä–∏–≤–æ–¥—è—Ç—Å—è –ª–...

You may provide a definition with
\DeclareUnicodeCharacter 


! LaTeX Error: Missing \begin{document}.

See the LaTeX manual or LaTeX Companion for explanation.
Type  H <return>  for immediate help.
 ...                                              
                                                  
l.4 ...é –∏ —Å—Ä–µ–¥—Å—Ç–≤–∞ —Ä–µ–∞–ª–∏–∑–∞—Ü–∏–∏,
                                                   –ø—Ä–∏–≤–æ–¥—è—Ç—Å—è –ª–∏...

You're in trouble here.  Try typing  <return>  to proceed.
If that doesn't work, type  X <return>  to quit.

Missing character: There is no , in font nullfont!

! Package inputenc Error: Unicode character –ø (U+043F)
(inputenc)                not set up for use with LaTeX.

See the inputenc package documentation for explanation.
Type  H <return>  for immediate help.
 ...                                              
                                                  
l.4 ...∏ —Å—Ä–µ–¥—Å—Ç–≤–∞ —Ä–µ–∞–ª–∏–∑–∞—Ü–∏–∏, –ø
                                                  —Ä–∏–≤–æ–¥—è—Ç—Å—è –ª–∏—Å—...

You may provide a definition with
\DeclareUnicodeCharacter 


! Package inputenc Error: Unicode character —Ä (U+0440)
(inputenc)                not set up for use with LaTeX.

See the inputenc package documentation for explanation.
Type  H <return>  for immediate help.
 ...                                              
                                                  
l.4 ...—Å—Ä–µ–¥—Å—Ç–≤–∞ —Ä–µ–∞–ª–∏–∑–∞—Ü–∏–∏, –ø—Ä
                                                  –∏–≤–æ–¥—è—Ç—Å—è –ª–∏—Å—Ç–...

You may provide a definition with
\DeclareUnicodeCharacter 


! Package inputenc Error: Unicode character –∏ (U+0438)
(inputenc)                not set up for use with LaTeX.

See the inputenc package documentation for explanation.
Type  H <return>  for immediate help.
 ...                                              
                                                  
l.4 ...—Ä–µ–¥—Å—Ç–≤–∞ —Ä–µ–∞–ª–∏–∑–∞—Ü–∏–∏, –ø—Ä–∏
                                                  –≤–æ–¥—è—Ç—Å—è –ª–∏—Å—Ç–∏–...

You may provide a definition with
\DeclareUnicodeCharacter 


! Package inputenc Error: Unicode character –≤ (U+0432)
(inputenc)                not set up for use with LaTeX.

See the inputenc package documentation for explanation.
Type  H <return>  for immediate help.
 ...                                              
                                                  
l.4 ...–µ–¥—Å—Ç–≤–∞ —Ä–µ–∞–ª–∏–∑–∞—Ü–∏–∏, –ø—Ä–∏–≤
                                                  –æ–¥—è—Ç—Å—è –ª–∏—Å—Ç–∏–Ω–≥–∏

You may provide a definition with
\DeclareUnicodeCharacter 


! Package inputenc Error: Unicode character –æ (U+043E)
(inputenc)                not set up for use with LaTeX.

See the inputenc package documentation for explanation.
Type  H <return>  for immediate help.
 ...                                              
                                                  
l.4 ...–¥—Å—Ç–≤–∞ —Ä–µ–∞–ª–∏–∑–∞—Ü–∏–∏, –ø—Ä–∏–≤–æ
                                                  –¥—è—Ç—Å—è –ª–∏—Å—Ç–∏–Ω–≥–∏
You may provide a definition with
\DeclareUnicodeCharacter 


! Package inputenc Error: Unicode character –¥ (U+0434)
(inputenc)                not set up for use with LaTeX.

See the inputenc package documentation for explanation.
Type  H <return>  for immediate help.
 ...                                              
                                                  
l.4 ...—Å—Ç–≤–∞ —Ä–µ–∞–ª–∏–∑–∞—Ü–∏–∏, –ø—Ä–∏–≤–æ–¥
                                                  —è—Ç—Å—è –ª–∏—Å—Ç–∏–Ω–≥–∏
You may provide a definition with
\DeclareUnicodeCharacter 


! Package inputenc Error: Unicode character —è (U+044F)
(inputenc)                not set up for use with LaTeX.

See the inputenc package documentation for explanation.
Type  H <return>  for immediate help.
 ...                                              
                                                  
l.4 ...—Ç–≤–∞ —Ä–µ–∞–ª–∏–∑–∞—Ü–∏–∏, –ø—Ä–∏–≤–æ–¥—è
                                                  —Ç—Å—è –ª–∏—Å—Ç–∏–Ω–≥–∏
You may provide a definition with
\DeclareUnicodeCharacter 


! Package inputenc Error: Unicode character —Ç (U+0442)
(inputenc)                not set up for use with LaTeX.

See the inputenc package documentation for explanation.
Type  H <return>  for immediate help.
 ...                                              
                                                  
l.4 ...–≤–∞ —Ä–µ–∞–ª–∏–∑–∞—Ü–∏–∏, –ø—Ä–∏–≤–æ–¥—è—Ç
                                                  —Å—è –ª–∏—Å—Ç–∏–Ω–≥–∏
(That makes 100 errors; please try again.) 
Here is how much of TeX's memory you used:
 37 strings out of 492452
 578 string characters out of 3129816
 59365 words of memory out of 3000000
 4494 multiletter control sequences out of 15000+200000
 3640 words of font info for 14 fonts, out of 3000000 for 9000
 1141 hyphenation exceptions out of 8191
 10i,0n,10p,127b,32s stack positions out of 5000i,500n,10000p,200000b,50000s

!  ==> Fatal error occurred, no output PDF file produced!
